ARM GAS  C:\Temp\ccdcRct6.s 			page 1


   1              		.cpu cortex-m4
   2              		.eabi_attribute 27, 1
   3              		.eabi_attribute 28, 1
   4              		.eabi_attribute 20, 1
   5              		.eabi_attribute 21, 1
   6              		.eabi_attribute 23, 3
   7              		.eabi_attribute 24, 1
   8              		.eabi_attribute 25, 1
   9              		.eabi_attribute 26, 1
  10              		.eabi_attribute 30, 1
  11              		.eabi_attribute 34, 1
  12              		.eabi_attribute 18, 4
  13              		.file	"exvol.c"
  14              		.text
  15              	.Ltext0:
  16              		.cfi_sections	.debug_frame
  17              		.section	.text.set_mode_ctrl,"ax",%progbits
  18              		.align	1
  19              		.global	set_mode_ctrl
  20              		.arch armv7e-m
  21              		.syntax unified
  22              		.thumb
  23              		.thumb_func
  24              		.fpu fpv4-sp-d16
  26              	set_mode_ctrl:
  27              	.LVL0:
  28              	.LFB134:
  29              		.file 1 "Src/exvol.c"
   1:Src/exvol.c   **** //軌道制御、軌道補正から得た印加電圧から、
   2:Src/exvol.c   **** //モータに出力する印加電圧を決定する。
   3:Src/exvol.c   **** 
   4:Src/exvol.c   **** #include <stdio.h>
   5:Src/exvol.c   **** #include "main.h"
   6:Src/exvol.c   **** #include "exvol.h"
   7:Src/exvol.c   **** #include "motor.h"
   8:Src/exvol.c   **** #include "control.h"
   9:Src/exvol.c   **** #include "adjust.h"
  10:Src/exvol.c   **** #include "battery.h"
  11:Src/exvol.c   **** 
  12:Src/exvol.c   **** 
  13:Src/exvol.c   **** static ctrl_mode_num ctrl_mode = trace;
  14:Src/exvol.c   **** static float target_vol_sum = 0;
  15:Src/exvol.c   **** static float target_vol_diff = 0;
  16:Src/exvol.c   **** static float target_vol_r = 0;
  17:Src/exvol.c   **** static float target_vol_l = 0;
  18:Src/exvol.c   **** static int16_t target_duty_r = 0;
  19:Src/exvol.c   **** static int16_t target_duty_l = 0;
  20:Src/exvol.c   **** 
  21:Src/exvol.c   **** //機能	: モータの1msタスクまとめ
  22:Src/exvol.c   **** //引数	: なし
  23:Src/exvol.c   **** //返り値	: なし
  24:Src/exvol.c   **** //備考	: 1msタスク
  25:Src/exvol.c   **** void motor_1ms ( void )
  26:Src/exvol.c   **** {
  27:Src/exvol.c   **** 	set_motor_vol();		//印加電圧の和、差を制御モードに従い決定
  28:Src/exvol.c   **** 	clr_operate_history();	//各制御の操作履歴クリア
  29:Src/exvol.c   **** 	calc_motor_vol();		//印加電圧の和、差から各モータの印加電圧を決定する。
ARM GAS  C:\Temp\ccdcRct6.s 			page 2


  30:Src/exvol.c   **** 	calc_vol2duty();		//印加電圧を変調率に変換
  31:Src/exvol.c   **** 	motor_duty_adjust();	//低変調率を避ける調整
  32:Src/exvol.c   **** 	set_motor_duty();		//モータに電圧を印加
  33:Src/exvol.c   **** }
  34:Src/exvol.c   **** 
  35:Src/exvol.c   **** 
  36:Src/exvol.c   **** //機能 	:制御モードを設定
  37:Src/exvol.c   **** //引数 	:なし
  38:Src/exvol.c   **** //返り値:なし
  39:Src/exvol.c   **** void set_mode_ctrl(ctrl_mode_num mode_num)
  40:Src/exvol.c   **** {
  30              		.loc 1 40 1 view -0
  31              		.cfi_startproc
  32              		@ args = 0, pretend = 0, frame = 0
  33              		@ frame_needed = 0, uses_anonymous_args = 0
  34              		@ link register save eliminated.
  41:Src/exvol.c   **** 	ctrl_mode = mode_num;
  35              		.loc 1 41 2 view .LVU1
  36              		.loc 1 41 12 is_stmt 0 view .LVU2
  37 0000 014B     		ldr	r3, .L2
  38 0002 1870     		strb	r0, [r3]
  42:Src/exvol.c   **** }
  39              		.loc 1 42 1 view .LVU3
  40 0004 7047     		bx	lr
  41              	.L3:
  42 0006 00BF     		.align	2
  43              	.L2:
  44 0008 00000000 		.word	.LANCHOR0
  45              		.cfi_endproc
  46              	.LFE134:
  48              		.section	.text.set_motor_vol_trace,"ax",%progbits
  49              		.align	1
  50              		.global	set_motor_vol_trace
  51              		.syntax unified
  52              		.thumb
  53              		.thumb_func
  54              		.fpu fpv4-sp-d16
  56              	set_motor_vol_trace:
  57              	.LFB136:
  43:Src/exvol.c   **** 
  44:Src/exvol.c   **** //機能 	:制御モード番号に従い、電圧を印可
  45:Src/exvol.c   **** //引数 	:なし
  46:Src/exvol.c   **** //返り値:なし
  47:Src/exvol.c   **** void set_motor_vol(void)
  48:Src/exvol.c   **** {
  49:Src/exvol.c   **** 	switch (ctrl_mode)
  50:Src/exvol.c   **** 	{
  51:Src/exvol.c   **** 	case trace:
  52:Src/exvol.c   **** 		set_motor_vol_trace();
  53:Src/exvol.c   **** 		break;
  54:Src/exvol.c   **** 	
  55:Src/exvol.c   **** 	case front_wall:
  56:Src/exvol.c   **** 		set_motor_vol_front_wall();
  57:Src/exvol.c   **** 		break;
  58:Src/exvol.c   **** 	
  59:Src/exvol.c   **** 	case side_wall:
  60:Src/exvol.c   **** 		set_motor_vol_side_wall();
ARM GAS  C:\Temp\ccdcRct6.s 			page 3


  61:Src/exvol.c   **** 		break;
  62:Src/exvol.c   **** 	
  63:Src/exvol.c   **** 	default:
  64:Src/exvol.c   **** 		clr_motor_vol();
  65:Src/exvol.c   **** 
  66:Src/exvol.c   **** 	}
  67:Src/exvol.c   **** }
  68:Src/exvol.c   **** 
  69:Src/exvol.c   **** //機能 	:軌跡制御時の印可電圧出力
  70:Src/exvol.c   **** //引数 	:なし
  71:Src/exvol.c   **** //返り値:なし
  72:Src/exvol.c   **** void set_motor_vol_trace(void)
  73:Src/exvol.c   **** {
  58              		.loc 1 73 1 is_stmt 1 view -0
  59              		.cfi_startproc
  60              		@ args = 0, pretend = 0, frame = 0
  61              		@ frame_needed = 0, uses_anonymous_args = 0
  62 0000 08B5     		push	{r3, lr}
  63              	.LCFI0:
  64              		.cfi_def_cfa_offset 8
  65              		.cfi_offset 3, -8
  66              		.cfi_offset 14, -4
  74:Src/exvol.c   **** 	target_vol_sum = get_target_vol_sum_ctrl();
  67              		.loc 1 74 2 view .LVU5
  68              		.loc 1 74 19 is_stmt 0 view .LVU6
  69 0002 FFF7FEFF 		bl	get_target_vol_sum_ctrl
  70              	.LVL1:
  71              		.loc 1 74 17 view .LVU7
  72 0006 044B     		ldr	r3, .L6
  73 0008 83ED000A 		vstr.32	s0, [r3]
  75:Src/exvol.c   **** 	target_vol_diff = get_target_vol_diff_ctrl();
  74              		.loc 1 75 2 is_stmt 1 view .LVU8
  75              		.loc 1 75 20 is_stmt 0 view .LVU9
  76 000c FFF7FEFF 		bl	get_target_vol_diff_ctrl
  77              	.LVL2:
  78              		.loc 1 75 18 view .LVU10
  79 0010 024B     		ldr	r3, .L6+4
  80 0012 83ED000A 		vstr.32	s0, [r3]
  76:Src/exvol.c   **** }
  81              		.loc 1 76 1 view .LVU11
  82 0016 08BD     		pop	{r3, pc}
  83              	.L7:
  84              		.align	2
  85              	.L6:
  86 0018 00000000 		.word	.LANCHOR1
  87 001c 00000000 		.word	.LANCHOR2
  88              		.cfi_endproc
  89              	.LFE136:
  91              		.section	.text.set_motor_vol_front_wall,"ax",%progbits
  92              		.align	1
  93              		.global	set_motor_vol_front_wall
  94              		.syntax unified
  95              		.thumb
  96              		.thumb_func
  97              		.fpu fpv4-sp-d16
  99              	set_motor_vol_front_wall:
 100              	.LFB137:
ARM GAS  C:\Temp\ccdcRct6.s 			page 4


  77:Src/exvol.c   **** 
  78:Src/exvol.c   **** //機能 	:前壁制御時の印可電圧出力
  79:Src/exvol.c   **** //引数 	:なし
  80:Src/exvol.c   **** //返り値:なし
  81:Src/exvol.c   **** void set_motor_vol_front_wall(void)
  82:Src/exvol.c   **** {
 101              		.loc 1 82 1 is_stmt 1 view -0
 102              		.cfi_startproc
 103              		@ args = 0, pretend = 0, frame = 0
 104              		@ frame_needed = 0, uses_anonymous_args = 0
 105 0000 08B5     		push	{r3, lr}
 106              	.LCFI1:
 107              		.cfi_def_cfa_offset 8
 108              		.cfi_offset 3, -8
 109              		.cfi_offset 14, -4
  83:Src/exvol.c   **** 	target_vol_sum = get_target_vol_sum_frontwall();
 110              		.loc 1 83 2 view .LVU13
 111              		.loc 1 83 19 is_stmt 0 view .LVU14
 112 0002 FFF7FEFF 		bl	get_target_vol_sum_frontwall
 113              	.LVL3:
 114              		.loc 1 83 17 view .LVU15
 115 0006 044B     		ldr	r3, .L10
 116 0008 83ED000A 		vstr.32	s0, [r3]
  84:Src/exvol.c   **** 	target_vol_diff = get_target_vol_diff_frontwall();
 117              		.loc 1 84 2 is_stmt 1 view .LVU16
 118              		.loc 1 84 20 is_stmt 0 view .LVU17
 119 000c FFF7FEFF 		bl	get_target_vol_diff_frontwall
 120              	.LVL4:
 121              		.loc 1 84 18 view .LVU18
 122 0010 024B     		ldr	r3, .L10+4
 123 0012 83ED000A 		vstr.32	s0, [r3]
  85:Src/exvol.c   **** }
 124              		.loc 1 85 1 view .LVU19
 125 0016 08BD     		pop	{r3, pc}
 126              	.L11:
 127              		.align	2
 128              	.L10:
 129 0018 00000000 		.word	.LANCHOR1
 130 001c 00000000 		.word	.LANCHOR2
 131              		.cfi_endproc
 132              	.LFE137:
 134              		.section	.text.set_motor_vol_side_wall,"ax",%progbits
 135              		.align	1
 136              		.global	set_motor_vol_side_wall
 137              		.syntax unified
 138              		.thumb
 139              		.thumb_func
 140              		.fpu fpv4-sp-d16
 142              	set_motor_vol_side_wall:
 143              	.LFB138:
  86:Src/exvol.c   **** 
  87:Src/exvol.c   **** //機能 	:横壁制御時の印可電圧出力(差のみ)
  88:Src/exvol.c   **** //引数 	:なし
  89:Src/exvol.c   **** //返り値:なし
  90:Src/exvol.c   **** void set_motor_vol_side_wall(void)
  91:Src/exvol.c   **** {
 144              		.loc 1 91 1 is_stmt 1 view -0
ARM GAS  C:\Temp\ccdcRct6.s 			page 5


 145              		.cfi_startproc
 146              		@ args = 0, pretend = 0, frame = 0
 147              		@ frame_needed = 0, uses_anonymous_args = 0
 148 0000 08B5     		push	{r3, lr}
 149              	.LCFI2:
 150              		.cfi_def_cfa_offset 8
 151              		.cfi_offset 3, -8
 152              		.cfi_offset 14, -4
  92:Src/exvol.c   **** 	switch(get_side_wall_ctrl_mode()){
 153              		.loc 1 92 2 view .LVU21
 154              		.loc 1 92 9 is_stmt 0 view .LVU22
 155 0002 FFF7FEFF 		bl	get_side_wall_ctrl_mode
 156              	.LVL5:
 157 0006 0328     		cmp	r0, #3
 158 0008 0DD8     		bhi	.L12
 159 000a DFE800F0 		tbb	[pc, r0]
 160              	.L15:
 161 000e 02       		.byte	(.L18-.L15)/2
 162 000f 0D       		.byte	(.L17-.L15)/2
 163 0010 18       		.byte	(.L16-.L15)/2
 164 0011 23       		.byte	(.L14-.L15)/2
 165              		.p2align 1
 166              	.L18:
  93:Src/exvol.c   **** 		case right:
  94:Src/exvol.c   **** 			target_vol_sum = get_target_vol_sum_ctrl();	
 167              		.loc 1 94 4 is_stmt 1 view .LVU23
 168              		.loc 1 94 21 is_stmt 0 view .LVU24
 169 0012 FFF7FEFF 		bl	get_target_vol_sum_ctrl
 170              	.LVL6:
 171              		.loc 1 94 19 view .LVU25
 172 0016 154B     		ldr	r3, .L20
 173 0018 83ED000A 		vstr.32	s0, [r3]
  95:Src/exvol.c   **** 			target_vol_diff = get_target_vol_diff_sidewall();
 174              		.loc 1 95 4 is_stmt 1 view .LVU26
 175              		.loc 1 95 22 is_stmt 0 view .LVU27
 176 001c FFF7FEFF 		bl	get_target_vol_diff_sidewall
 177              	.LVL7:
 178              		.loc 1 95 20 view .LVU28
 179 0020 134B     		ldr	r3, .L20+4
 180 0022 83ED000A 		vstr.32	s0, [r3]
  96:Src/exvol.c   **** 			break;
 181              		.loc 1 96 4 is_stmt 1 view .LVU29
 182              	.L12:
  97:Src/exvol.c   **** 		
  98:Src/exvol.c   **** 		case left:
  99:Src/exvol.c   **** 			target_vol_sum = get_target_vol_sum_ctrl();	
 100:Src/exvol.c   **** 			target_vol_diff = get_target_vol_diff_sidewall();
 101:Src/exvol.c   **** 			break;
 102:Src/exvol.c   **** 
 103:Src/exvol.c   **** 		case both_side:
 104:Src/exvol.c   **** 			target_vol_sum = get_target_vol_sum_ctrl();
 105:Src/exvol.c   **** 			target_vol_diff = get_target_vol_diff_sidewall();
 106:Src/exvol.c   **** 			break;
 107:Src/exvol.c   **** 
 108:Src/exvol.c   **** 		case none: //両壁がないときは軌跡制御に
 109:Src/exvol.c   **** 			target_vol_sum = get_target_vol_sum_ctrl();
 110:Src/exvol.c   **** 			target_vol_diff = get_target_vol_diff_ctrl();
ARM GAS  C:\Temp\ccdcRct6.s 			page 6


 111:Src/exvol.c   **** 			break;
 112:Src/exvol.c   **** 	}
 113:Src/exvol.c   **** }
 183              		.loc 1 113 1 is_stmt 0 view .LVU30
 184 0026 08BD     		pop	{r3, pc}
 185              	.L17:
  99:Src/exvol.c   **** 			target_vol_diff = get_target_vol_diff_sidewall();
 186              		.loc 1 99 4 is_stmt 1 view .LVU31
  99:Src/exvol.c   **** 			target_vol_diff = get_target_vol_diff_sidewall();
 187              		.loc 1 99 21 is_stmt 0 view .LVU32
 188 0028 FFF7FEFF 		bl	get_target_vol_sum_ctrl
 189              	.LVL8:
  99:Src/exvol.c   **** 			target_vol_diff = get_target_vol_diff_sidewall();
 190              		.loc 1 99 19 view .LVU33
 191 002c 0F4B     		ldr	r3, .L20
 192 002e 83ED000A 		vstr.32	s0, [r3]
 100:Src/exvol.c   **** 			break;
 193              		.loc 1 100 4 is_stmt 1 view .LVU34
 100:Src/exvol.c   **** 			break;
 194              		.loc 1 100 22 is_stmt 0 view .LVU35
 195 0032 FFF7FEFF 		bl	get_target_vol_diff_sidewall
 196              	.LVL9:
 100:Src/exvol.c   **** 			break;
 197              		.loc 1 100 20 view .LVU36
 198 0036 0E4B     		ldr	r3, .L20+4
 199 0038 83ED000A 		vstr.32	s0, [r3]
 101:Src/exvol.c   **** 
 200              		.loc 1 101 4 is_stmt 1 view .LVU37
 201 003c F3E7     		b	.L12
 202              	.L16:
 104:Src/exvol.c   **** 			target_vol_diff = get_target_vol_diff_sidewall();
 203              		.loc 1 104 4 view .LVU38
 104:Src/exvol.c   **** 			target_vol_diff = get_target_vol_diff_sidewall();
 204              		.loc 1 104 21 is_stmt 0 view .LVU39
 205 003e FFF7FEFF 		bl	get_target_vol_sum_ctrl
 206              	.LVL10:
 104:Src/exvol.c   **** 			target_vol_diff = get_target_vol_diff_sidewall();
 207              		.loc 1 104 19 view .LVU40
 208 0042 0A4B     		ldr	r3, .L20
 209 0044 83ED000A 		vstr.32	s0, [r3]
 105:Src/exvol.c   **** 			break;
 210              		.loc 1 105 4 is_stmt 1 view .LVU41
 105:Src/exvol.c   **** 			break;
 211              		.loc 1 105 22 is_stmt 0 view .LVU42
 212 0048 FFF7FEFF 		bl	get_target_vol_diff_sidewall
 213              	.LVL11:
 105:Src/exvol.c   **** 			break;
 214              		.loc 1 105 20 view .LVU43
 215 004c 084B     		ldr	r3, .L20+4
 216 004e 83ED000A 		vstr.32	s0, [r3]
 106:Src/exvol.c   **** 
 217              		.loc 1 106 4 is_stmt 1 view .LVU44
 218 0052 E8E7     		b	.L12
 219              	.L14:
 109:Src/exvol.c   **** 			target_vol_diff = get_target_vol_diff_ctrl();
 220              		.loc 1 109 4 view .LVU45
 109:Src/exvol.c   **** 			target_vol_diff = get_target_vol_diff_ctrl();
ARM GAS  C:\Temp\ccdcRct6.s 			page 7


 221              		.loc 1 109 21 is_stmt 0 view .LVU46
 222 0054 FFF7FEFF 		bl	get_target_vol_sum_ctrl
 223              	.LVL12:
 109:Src/exvol.c   **** 			target_vol_diff = get_target_vol_diff_ctrl();
 224              		.loc 1 109 19 view .LVU47
 225 0058 044B     		ldr	r3, .L20
 226 005a 83ED000A 		vstr.32	s0, [r3]
 110:Src/exvol.c   **** 			break;
 227              		.loc 1 110 4 is_stmt 1 view .LVU48
 110:Src/exvol.c   **** 			break;
 228              		.loc 1 110 22 is_stmt 0 view .LVU49
 229 005e FFF7FEFF 		bl	get_target_vol_diff_ctrl
 230              	.LVL13:
 110:Src/exvol.c   **** 			break;
 231              		.loc 1 110 20 view .LVU50
 232 0062 034B     		ldr	r3, .L20+4
 233 0064 83ED000A 		vstr.32	s0, [r3]
 111:Src/exvol.c   **** 	}
 234              		.loc 1 111 4 is_stmt 1 view .LVU51
 235              		.loc 1 113 1 is_stmt 0 view .LVU52
 236 0068 DDE7     		b	.L12
 237              	.L21:
 238 006a 00BF     		.align	2
 239              	.L20:
 240 006c 00000000 		.word	.LANCHOR1
 241 0070 00000000 		.word	.LANCHOR2
 242              		.cfi_endproc
 243              	.LFE138:
 245              		.section	.text.clr_motor_vol,"ax",%progbits
 246              		.align	1
 247              		.global	clr_motor_vol
 248              		.syntax unified
 249              		.thumb
 250              		.thumb_func
 251              		.fpu fpv4-sp-d16
 253              	clr_motor_vol:
 254              	.LFB139:
 114:Src/exvol.c   **** 
 115:Src/exvol.c   **** //機能 	:モータ印可電圧初期化
 116:Src/exvol.c   **** //引数 	:なし
 117:Src/exvol.c   **** //返り値:なし
 118:Src/exvol.c   **** void clr_motor_vol(void)
 119:Src/exvol.c   **** {
 255              		.loc 1 119 1 is_stmt 1 view -0
 256              		.cfi_startproc
 257              		@ args = 0, pretend = 0, frame = 0
 258              		@ frame_needed = 0, uses_anonymous_args = 0
 259              		@ link register save eliminated.
 120:Src/exvol.c   **** 	target_vol_r = 0;
 260              		.loc 1 120 2 view .LVU54
 261              		.loc 1 120 15 is_stmt 0 view .LVU55
 262 0000 0023     		movs	r3, #0
 263 0002 024A     		ldr	r2, .L23
 264 0004 1360     		str	r3, [r2]	@ float
 121:Src/exvol.c   **** 	target_vol_l = 0;
 265              		.loc 1 121 2 is_stmt 1 view .LVU56
 266              		.loc 1 121 15 is_stmt 0 view .LVU57
ARM GAS  C:\Temp\ccdcRct6.s 			page 8


 267 0006 024A     		ldr	r2, .L23+4
 268 0008 1360     		str	r3, [r2]	@ float
 122:Src/exvol.c   **** }
 269              		.loc 1 122 1 view .LVU58
 270 000a 7047     		bx	lr
 271              	.L24:
 272              		.align	2
 273              	.L23:
 274 000c 00000000 		.word	.LANCHOR3
 275 0010 00000000 		.word	.LANCHOR4
 276              		.cfi_endproc
 277              	.LFE139:
 279              		.section	.text.set_motor_vol,"ax",%progbits
 280              		.align	1
 281              		.global	set_motor_vol
 282              		.syntax unified
 283              		.thumb
 284              		.thumb_func
 285              		.fpu fpv4-sp-d16
 287              	set_motor_vol:
 288              	.LFB135:
  48:Src/exvol.c   **** 	switch (ctrl_mode)
 289              		.loc 1 48 1 is_stmt 1 view -0
 290              		.cfi_startproc
 291              		@ args = 0, pretend = 0, frame = 0
 292              		@ frame_needed = 0, uses_anonymous_args = 0
 293 0000 08B5     		push	{r3, lr}
 294              	.LCFI3:
 295              		.cfi_def_cfa_offset 8
 296              		.cfi_offset 3, -8
 297              		.cfi_offset 14, -4
  49:Src/exvol.c   **** 	{
 298              		.loc 1 49 2 view .LVU60
 299 0002 094B     		ldr	r3, .L32
 300 0004 1B78     		ldrb	r3, [r3]	@ zero_extendqisi2
 301 0006 012B     		cmp	r3, #1
 302 0008 08D0     		beq	.L26
 303 000a 022B     		cmp	r3, #2
 304 000c 09D0     		beq	.L27
 305 000e 13B1     		cbz	r3, .L31
  64:Src/exvol.c   **** 
 306              		.loc 1 64 3 view .LVU61
 307 0010 FFF7FEFF 		bl	clr_motor_vol
 308              	.LVL14:
  67:Src/exvol.c   **** 
 309              		.loc 1 67 1 is_stmt 0 view .LVU62
 310 0014 01E0     		b	.L25
 311              	.L31:
  52:Src/exvol.c   **** 		break;
 312              		.loc 1 52 3 is_stmt 1 view .LVU63
 313 0016 FFF7FEFF 		bl	set_motor_vol_trace
 314              	.LVL15:
  53:Src/exvol.c   **** 	
 315              		.loc 1 53 3 view .LVU64
 316              	.L25:
  67:Src/exvol.c   **** 
 317              		.loc 1 67 1 is_stmt 0 view .LVU65
ARM GAS  C:\Temp\ccdcRct6.s 			page 9


 318 001a 08BD     		pop	{r3, pc}
 319              	.L26:
  56:Src/exvol.c   **** 		break;
 320              		.loc 1 56 3 is_stmt 1 view .LVU66
 321 001c FFF7FEFF 		bl	set_motor_vol_front_wall
 322              	.LVL16:
  57:Src/exvol.c   **** 	
 323              		.loc 1 57 3 view .LVU67
 324 0020 FBE7     		b	.L25
 325              	.L27:
  60:Src/exvol.c   **** 		break;
 326              		.loc 1 60 3 view .LVU68
 327 0022 FFF7FEFF 		bl	set_motor_vol_side_wall
 328              	.LVL17:
  61:Src/exvol.c   **** 	
 329              		.loc 1 61 3 view .LVU69
 330 0026 F8E7     		b	.L25
 331              	.L33:
 332              		.align	2
 333              	.L32:
 334 0028 00000000 		.word	.LANCHOR0
 335              		.cfi_endproc
 336              	.LFE135:
 338              		.section	.text.clr_operate_history,"ax",%progbits
 339              		.align	1
 340              		.global	clr_operate_history
 341              		.syntax unified
 342              		.thumb
 343              		.thumb_func
 344              		.fpu fpv4-sp-d16
 346              	clr_operate_history:
 347              	.LFB140:
 123:Src/exvol.c   **** 
 124:Src/exvol.c   **** //機能 	:各制御モードでの操作量履歴クリア
 125:Src/exvol.c   **** //引数 	:なし
 126:Src/exvol.c   **** //返り値:なし
 127:Src/exvol.c   **** void clr_operate_history(void)
 128:Src/exvol.c   **** {
 348              		.loc 1 128 1 view -0
 349              		.cfi_startproc
 350              		@ args = 0, pretend = 0, frame = 0
 351              		@ frame_needed = 0, uses_anonymous_args = 0
 352 0000 08B5     		push	{r3, lr}
 353              	.LCFI4:
 354              		.cfi_def_cfa_offset 8
 355              		.cfi_offset 3, -8
 356              		.cfi_offset 14, -4
 129:Src/exvol.c   **** 	switch(ctrl_mode)
 357              		.loc 1 129 2 view .LVU71
 358 0002 084B     		ldr	r3, .L40
 359 0004 1B78     		ldrb	r3, [r3]	@ zero_extendqisi2
 360 0006 012B     		cmp	r3, #1
 361 0008 06D0     		beq	.L35
 362 000a 022B     		cmp	r3, #2
 363 000c 07D0     		beq	.L36
 364 000e 03B1     		cbz	r3, .L39
 365              	.L34:
ARM GAS  C:\Temp\ccdcRct6.s 			page 10


 130:Src/exvol.c   **** 	{
 131:Src/exvol.c   **** 		case trace:
 132:Src/exvol.c   **** 			clr_frontwall_operate_history(); //前壁制御の操作履歴をクリア
 133:Src/exvol.c   **** 			break;
 134:Src/exvol.c   **** 
 135:Src/exvol.c   **** 		case front_wall:
 136:Src/exvol.c   **** 			clr_trace_operate_history();			//軌跡制御の操作履歴をクリア
 137:Src/exvol.c   **** 			break;
 138:Src/exvol.c   **** 		
 139:Src/exvol.c   **** 		case side_wall:
 140:Src/exvol.c   **** 			clr_frontwall_operate_history(); //前壁制御の操作履歴をクリア
 141:Src/exvol.c   **** 			break;
 142:Src/exvol.c   **** 	}
 143:Src/exvol.c   **** }
 366              		.loc 1 143 1 is_stmt 0 view .LVU72
 367 0010 08BD     		pop	{r3, pc}
 368              	.L39:
 132:Src/exvol.c   **** 			break;
 369              		.loc 1 132 4 is_stmt 1 view .LVU73
 370 0012 FFF7FEFF 		bl	clr_frontwall_operate_history
 371              	.LVL18:
 133:Src/exvol.c   **** 
 372              		.loc 1 133 4 view .LVU74
 373 0016 FBE7     		b	.L34
 374              	.L35:
 136:Src/exvol.c   **** 			break;
 375              		.loc 1 136 4 view .LVU75
 376 0018 FFF7FEFF 		bl	clr_trace_operate_history
 377              	.LVL19:
 137:Src/exvol.c   **** 		
 378              		.loc 1 137 4 view .LVU76
 379 001c F8E7     		b	.L34
 380              	.L36:
 140:Src/exvol.c   **** 			break;
 381              		.loc 1 140 4 view .LVU77
 382 001e FFF7FEFF 		bl	clr_frontwall_operate_history
 383              	.LVL20:
 141:Src/exvol.c   **** 	}
 384              		.loc 1 141 4 view .LVU78
 385              		.loc 1 143 1 is_stmt 0 view .LVU79
 386 0022 F5E7     		b	.L34
 387              	.L41:
 388              		.align	2
 389              	.L40:
 390 0024 00000000 		.word	.LANCHOR0
 391              		.cfi_endproc
 392              	.LFE140:
 394              		.section	.text.calc_motor_vol,"ax",%progbits
 395              		.align	1
 396              		.global	calc_motor_vol
 397              		.syntax unified
 398              		.thumb
 399              		.thumb_func
 400              		.fpu fpv4-sp-d16
 402              	calc_motor_vol:
 403              	.LFB141:
 144:Src/exvol.c   **** 
ARM GAS  C:\Temp\ccdcRct6.s 			page 11


 145:Src/exvol.c   **** //機能	: 印加電圧の和、差から各モータに印加する電圧を決定する。
 146:Src/exvol.c   **** //引数	: なし
 147:Src/exvol.c   **** //返り値	: なし
 148:Src/exvol.c   **** void calc_motor_vol ( void )
 149:Src/exvol.c   **** {
 404              		.loc 1 149 1 is_stmt 1 view -0
 405              		.cfi_startproc
 406              		@ args = 0, pretend = 0, frame = 0
 407              		@ frame_needed = 0, uses_anonymous_args = 0
 408              		@ link register save eliminated.
 150:Src/exvol.c   **** 	target_vol_r = (target_vol_sum + target_vol_diff)/2;
 409              		.loc 1 150 2 view .LVU81
 410              		.loc 1 150 33 is_stmt 0 view .LVU82
 411 0000 0B4B     		ldr	r3, .L43
 412 0002 D3ED007A 		vldr.32	s15, [r3]
 413 0006 0B4B     		ldr	r3, .L43+4
 414 0008 93ED006A 		vldr.32	s12, [r3]
 415 000c 37EE867A 		vadd.f32	s14, s15, s12
 416              		.loc 1 150 51 view .LVU83
 417 0010 F6EE006A 		vmov.f32	s13, #5.0e-1
 418 0014 27EE267A 		vmul.f32	s14, s14, s13
 419              		.loc 1 150 15 view .LVU84
 420 0018 074B     		ldr	r3, .L43+8
 421 001a 83ED007A 		vstr.32	s14, [r3]
 151:Src/exvol.c   **** 	target_vol_l = (target_vol_sum - target_vol_diff)/2;	
 422              		.loc 1 151 2 is_stmt 1 view .LVU85
 423              		.loc 1 151 33 is_stmt 0 view .LVU86
 424 001e 77EEC67A 		vsub.f32	s15, s15, s12
 425              		.loc 1 151 51 view .LVU87
 426 0022 67EEA67A 		vmul.f32	s15, s15, s13
 427              		.loc 1 151 15 view .LVU88
 428 0026 054B     		ldr	r3, .L43+12
 429 0028 C3ED007A 		vstr.32	s15, [r3]
 152:Src/exvol.c   **** }
 430              		.loc 1 152 1 view .LVU89
 431 002c 7047     		bx	lr
 432              	.L44:
 433 002e 00BF     		.align	2
 434              	.L43:
 435 0030 00000000 		.word	.LANCHOR1
 436 0034 00000000 		.word	.LANCHOR2
 437 0038 00000000 		.word	.LANCHOR3
 438 003c 00000000 		.word	.LANCHOR4
 439              		.cfi_endproc
 440              	.LFE141:
 442              		.section	.text.calc_vol2duty,"ax",%progbits
 443              		.align	1
 444              		.global	calc_vol2duty
 445              		.syntax unified
 446              		.thumb
 447              		.thumb_func
 448              		.fpu fpv4-sp-d16
 450              	calc_vol2duty:
 451              	.LFB142:
 153:Src/exvol.c   **** 
 154:Src/exvol.c   **** //機能 	:印可電圧を変調率に変換
 155:Src/exvol.c   **** //引数 	:なし
ARM GAS  C:\Temp\ccdcRct6.s 			page 12


 156:Src/exvol.c   **** //返り値:なし
 157:Src/exvol.c   **** void calc_vol2duty ( void )
 158:Src/exvol.c   **** {
 452              		.loc 1 158 1 is_stmt 1 view -0
 453              		.cfi_startproc
 454              		@ args = 0, pretend = 0, frame = 0
 455              		@ frame_needed = 0, uses_anonymous_args = 0
 456 0000 08B5     		push	{r3, lr}
 457              	.LCFI5:
 458              		.cfi_def_cfa_offset 8
 459              		.cfi_offset 3, -8
 460              		.cfi_offset 14, -4
 461 0002 2DED028B 		vpush.64	{d8}
 462              	.LCFI6:
 463              		.cfi_def_cfa_offset 16
 464              		.cfi_offset 80, -16
 465              		.cfi_offset 81, -12
 159:Src/exvol.c   **** 
 160:Src/exvol.c   **** 	/* バッテリー電圧とモータに印加する電圧から、duty[*0.1%]を算出	*/
 161:Src/exvol.c   **** 	target_duty_r = target_vol_r / (Battery_GetVoltage()) * 1000;
 466              		.loc 1 161 2 view .LVU91
 467              		.loc 1 161 31 is_stmt 0 view .LVU92
 468 0006 114B     		ldr	r3, .L47
 469 0008 93ED008A 		vldr.32	s16, [r3]
 470              		.loc 1 161 34 view .LVU93
 471 000c FFF7FEFF 		bl	Battery_GetVoltage
 472              	.LVL21:
 473              		.loc 1 161 31 view .LVU94
 474 0010 C8EE007A 		vdiv.f32	s15, s16, s0
 475              		.loc 1 161 56 view .LVU95
 476 0014 9FED0E8A 		vldr.32	s16, .L47+4
 477 0018 67EE887A 		vmul.f32	s15, s15, s16
 478              		.loc 1 161 16 view .LVU96
 479 001c FDEEE77A 		vcvt.s32.f32	s15, s15
 480 0020 0C4B     		ldr	r3, .L47+8
 481 0022 17EE902A 		vmov	r2, s15	@ int
 482 0026 1A80     		strh	r2, [r3]	@ movhi
 162:Src/exvol.c   **** 	target_duty_l = target_vol_l / (Battery_GetVoltage()) * 1000;
 483              		.loc 1 162 2 is_stmt 1 view .LVU97
 484              		.loc 1 162 31 is_stmt 0 view .LVU98
 485 0028 0B4B     		ldr	r3, .L47+12
 486 002a D3ED008A 		vldr.32	s17, [r3]
 487              		.loc 1 162 34 view .LVU99
 488 002e FFF7FEFF 		bl	Battery_GetVoltage
 489              	.LVL22:
 490              		.loc 1 162 31 view .LVU100
 491 0032 C8EE807A 		vdiv.f32	s15, s17, s0
 492              		.loc 1 162 56 view .LVU101
 493 0036 67EE887A 		vmul.f32	s15, s15, s16
 494              		.loc 1 162 16 view .LVU102
 495 003a FDEEE77A 		vcvt.s32.f32	s15, s15
 496 003e 074B     		ldr	r3, .L47+16
 497 0040 17EE902A 		vmov	r2, s15	@ int
 498 0044 1A80     		strh	r2, [r3]	@ movhi
 163:Src/exvol.c   **** }
 499              		.loc 1 163 1 view .LVU103
 500 0046 BDEC028B 		vldm	sp!, {d8}
ARM GAS  C:\Temp\ccdcRct6.s 			page 13


 501              	.LCFI7:
 502              		.cfi_restore 80
 503              		.cfi_restore 81
 504              		.cfi_def_cfa_offset 8
 505 004a 08BD     		pop	{r3, pc}
 506              	.L48:
 507              		.align	2
 508              	.L47:
 509 004c 00000000 		.word	.LANCHOR3
 510 0050 00007A44 		.word	1148846080
 511 0054 00000000 		.word	.LANCHOR5
 512 0058 00000000 		.word	.LANCHOR4
 513 005c 00000000 		.word	.LANCHOR6
 514              		.cfi_endproc
 515              	.LFE142:
 517              		.section	.text.motor_duty_adjust,"ax",%progbits
 518              		.align	1
 519              		.global	motor_duty_adjust
 520              		.syntax unified
 521              		.thumb
 522              		.thumb_func
 523              		.fpu fpv4-sp-d16
 525              	motor_duty_adjust:
 526              	.LFB143:
 164:Src/exvol.c   **** 
 165:Src/exvol.c   **** //機能 	:非線形部は使わないように、変調率を調整
 166:Src/exvol.c   **** //引数 	:なし
 167:Src/exvol.c   **** //返り値:なし
 168:Src/exvol.c   **** //
 169:Src/exvol.c   **** void motor_duty_adjust (void)
 170:Src/exvol.c   **** {
 527              		.loc 1 170 1 is_stmt 1 view -0
 528              		.cfi_startproc
 529              		@ args = 0, pretend = 0, frame = 0
 530              		@ frame_needed = 0, uses_anonymous_args = 0
 531              		@ link register save eliminated.
 171:Src/exvol.c   **** 	if( target_duty_r > 0){
 532              		.loc 1 171 2 view .LVU105
 533              		.loc 1 171 20 is_stmt 0 view .LVU106
 534 0000 0C4B     		ldr	r3, .L54
 535 0002 B3F90030 		ldrsh	r3, [r3]
 536              		.loc 1 171 4 view .LVU107
 537 0006 002B     		cmp	r3, #0
 538 0008 0BDD     		ble	.L50
 172:Src/exvol.c   **** 		target_duty_r = target_duty_r + 40;  //40->30
 539              		.loc 1 172 3 is_stmt 1 view .LVU108
 540              		.loc 1 172 33 is_stmt 0 view .LVU109
 541 000a 2833     		adds	r3, r3, #40
 542              		.loc 1 172 17 view .LVU110
 543 000c 094A     		ldr	r2, .L54
 544 000e 1380     		strh	r3, [r2]	@ movhi
 545              	.L51:
 173:Src/exvol.c   **** 	}
 174:Src/exvol.c   **** 	else{
 175:Src/exvol.c   **** 		target_duty_r = target_duty_r - 45; //45 ->35
 176:Src/exvol.c   **** 	}
 177:Src/exvol.c   **** 
ARM GAS  C:\Temp\ccdcRct6.s 			page 14


 178:Src/exvol.c   **** 	if( target_duty_l > 0){
 546              		.loc 1 178 2 is_stmt 1 view .LVU111
 547              		.loc 1 178 20 is_stmt 0 view .LVU112
 548 0010 094B     		ldr	r3, .L54+4
 549 0012 B3F90030 		ldrsh	r3, [r3]
 550              		.loc 1 178 4 view .LVU113
 551 0016 002B     		cmp	r3, #0
 552 0018 07DD     		ble	.L52
 179:Src/exvol.c   **** 		target_duty_l = target_duty_l + 40;  //40->30
 553              		.loc 1 179 3 is_stmt 1 view .LVU114
 554              		.loc 1 179 33 is_stmt 0 view .LVU115
 555 001a 2833     		adds	r3, r3, #40
 556              		.loc 1 179 17 view .LVU116
 557 001c 064A     		ldr	r2, .L54+4
 558 001e 1380     		strh	r3, [r2]	@ movhi
 559 0020 7047     		bx	lr
 560              	.L50:
 175:Src/exvol.c   **** 	}
 561              		.loc 1 175 3 is_stmt 1 view .LVU117
 175:Src/exvol.c   **** 	}
 562              		.loc 1 175 33 is_stmt 0 view .LVU118
 563 0022 2D3B     		subs	r3, r3, #45
 175:Src/exvol.c   **** 	}
 564              		.loc 1 175 17 view .LVU119
 565 0024 034A     		ldr	r2, .L54
 566 0026 1380     		strh	r3, [r2]	@ movhi
 567 0028 F2E7     		b	.L51
 568              	.L52:
 180:Src/exvol.c   **** 	}
 181:Src/exvol.c   **** 	else{
 182:Src/exvol.c   **** 		target_duty_l = target_duty_l - 45; //45 ->35
 569              		.loc 1 182 3 is_stmt 1 view .LVU120
 570              		.loc 1 182 33 is_stmt 0 view .LVU121
 571 002a 2D3B     		subs	r3, r3, #45
 572              		.loc 1 182 17 view .LVU122
 573 002c 024A     		ldr	r2, .L54+4
 574 002e 1380     		strh	r3, [r2]	@ movhi
 183:Src/exvol.c   **** 	}
 184:Src/exvol.c   **** }
 575              		.loc 1 184 1 view .LVU123
 576 0030 7047     		bx	lr
 577              	.L55:
 578 0032 00BF     		.align	2
 579              	.L54:
 580 0034 00000000 		.word	.LANCHOR5
 581 0038 00000000 		.word	.LANCHOR6
 582              		.cfi_endproc
 583              	.LFE143:
 585              		.section	.text.set_motor_duty,"ax",%progbits
 586              		.align	1
 587              		.global	set_motor_duty
 588              		.syntax unified
 589              		.thumb
 590              		.thumb_func
 591              		.fpu fpv4-sp-d16
 593              	set_motor_duty:
 594              	.LFB144:
ARM GAS  C:\Temp\ccdcRct6.s 			page 15


 185:Src/exvol.c   **** 
 186:Src/exvol.c   **** //機能 	:モータに印可電圧を出力
 187:Src/exvol.c   **** //引数 	:なし
 188:Src/exvol.c   **** //返り値:なし
 189:Src/exvol.c   **** void set_motor_duty (void)
 190:Src/exvol.c   **** {
 595              		.loc 1 190 1 is_stmt 1 view -0
 596              		.cfi_startproc
 597              		@ args = 0, pretend = 0, frame = 0
 598              		@ frame_needed = 0, uses_anonymous_args = 0
 599 0000 08B5     		push	{r3, lr}
 600              	.LCFI8:
 601              		.cfi_def_cfa_offset 8
 602              		.cfi_offset 3, -8
 603              		.cfi_offset 14, -4
 191:Src/exvol.c   **** 	set_duty_l(target_duty_l);
 604              		.loc 1 191 2 view .LVU125
 605 0002 054B     		ldr	r3, .L58
 606 0004 B3F90000 		ldrsh	r0, [r3]
 607 0008 FFF7FEFF 		bl	set_duty_l
 608              	.LVL23:
 192:Src/exvol.c   **** 	set_duty_r(target_duty_r);
 609              		.loc 1 192 2 view .LVU126
 610 000c 034B     		ldr	r3, .L58+4
 611 000e B3F90000 		ldrsh	r0, [r3]
 612 0012 FFF7FEFF 		bl	set_duty_r
 613              	.LVL24:
 193:Src/exvol.c   **** }
 614              		.loc 1 193 1 is_stmt 0 view .LVU127
 615 0016 08BD     		pop	{r3, pc}
 616              	.L59:
 617              		.align	2
 618              	.L58:
 619 0018 00000000 		.word	.LANCHOR6
 620 001c 00000000 		.word	.LANCHOR5
 621              		.cfi_endproc
 622              	.LFE144:
 624              		.section	.text.motor_1ms,"ax",%progbits
 625              		.align	1
 626              		.global	motor_1ms
 627              		.syntax unified
 628              		.thumb
 629              		.thumb_func
 630              		.fpu fpv4-sp-d16
 632              	motor_1ms:
 633              	.LFB133:
  26:Src/exvol.c   **** 	set_motor_vol();		//印加電圧の和、差を制御モードに従い決定
 634              		.loc 1 26 1 is_stmt 1 view -0
 635              		.cfi_startproc
 636              		@ args = 0, pretend = 0, frame = 0
 637              		@ frame_needed = 0, uses_anonymous_args = 0
 638 0000 08B5     		push	{r3, lr}
 639              	.LCFI9:
 640              		.cfi_def_cfa_offset 8
 641              		.cfi_offset 3, -8
 642              		.cfi_offset 14, -4
  27:Src/exvol.c   **** 	clr_operate_history();	//各制御の操作履歴クリア
ARM GAS  C:\Temp\ccdcRct6.s 			page 16


 643              		.loc 1 27 2 view .LVU129
 644 0002 FFF7FEFF 		bl	set_motor_vol
 645              	.LVL25:
  28:Src/exvol.c   **** 	calc_motor_vol();		//印加電圧の和、差から各モータの印加電圧を決定する。
 646              		.loc 1 28 2 view .LVU130
 647 0006 FFF7FEFF 		bl	clr_operate_history
 648              	.LVL26:
  29:Src/exvol.c   **** 	calc_vol2duty();		//印加電圧を変調率に変換
 649              		.loc 1 29 2 view .LVU131
 650 000a FFF7FEFF 		bl	calc_motor_vol
 651              	.LVL27:
  30:Src/exvol.c   **** 	motor_duty_adjust();	//低変調率を避ける調整
 652              		.loc 1 30 2 view .LVU132
 653 000e FFF7FEFF 		bl	calc_vol2duty
 654              	.LVL28:
  31:Src/exvol.c   **** 	set_motor_duty();		//モータに電圧を印加
 655              		.loc 1 31 2 view .LVU133
 656 0012 FFF7FEFF 		bl	motor_duty_adjust
 657              	.LVL29:
  32:Src/exvol.c   **** }
 658              		.loc 1 32 2 view .LVU134
 659 0016 FFF7FEFF 		bl	set_motor_duty
 660              	.LVL30:
  33:Src/exvol.c   **** 
 661              		.loc 1 33 1 is_stmt 0 view .LVU135
 662 001a 08BD     		pop	{r3, pc}
 663              		.cfi_endproc
 664              	.LFE133:
 666              		.section	.text.get_target_duty_r,"ax",%progbits
 667              		.align	1
 668              		.global	get_target_duty_r
 669              		.syntax unified
 670              		.thumb
 671              		.thumb_func
 672              		.fpu fpv4-sp-d16
 674              	get_target_duty_r:
 675              	.LFB145:
 194:Src/exvol.c   **** 
 195:Src/exvol.c   **** //機能	: 右モータの変調率を取得する
 196:Src/exvol.c   **** //引数	: なし
 197:Src/exvol.c   **** //返り値	: なし
 198:Src/exvol.c   **** int16_t get_target_duty_r ( void )
 199:Src/exvol.c   **** {
 676              		.loc 1 199 1 is_stmt 1 view -0
 677              		.cfi_startproc
 678              		@ args = 0, pretend = 0, frame = 0
 679              		@ frame_needed = 0, uses_anonymous_args = 0
 680              		@ link register save eliminated.
 200:Src/exvol.c   **** 	return target_duty_r;
 681              		.loc 1 200 2 view .LVU137
 201:Src/exvol.c   **** }
 682              		.loc 1 201 1 is_stmt 0 view .LVU138
 683 0000 014B     		ldr	r3, .L63
 684 0002 B3F90000 		ldrsh	r0, [r3]
 685 0006 7047     		bx	lr
 686              	.L64:
 687              		.align	2
ARM GAS  C:\Temp\ccdcRct6.s 			page 17


 688              	.L63:
 689 0008 00000000 		.word	.LANCHOR5
 690              		.cfi_endproc
 691              	.LFE145:
 693              		.section	.text.get_target_duty_l,"ax",%progbits
 694              		.align	1
 695              		.global	get_target_duty_l
 696              		.syntax unified
 697              		.thumb
 698              		.thumb_func
 699              		.fpu fpv4-sp-d16
 701              	get_target_duty_l:
 702              	.LFB146:
 202:Src/exvol.c   **** 
 203:Src/exvol.c   **** //機能	: 左モータの変調率を取得する
 204:Src/exvol.c   **** //引数	: なし
 205:Src/exvol.c   **** //返り値	: なし
 206:Src/exvol.c   **** int16_t get_target_duty_l ( void )
 207:Src/exvol.c   **** {
 703              		.loc 1 207 1 is_stmt 1 view -0
 704              		.cfi_startproc
 705              		@ args = 0, pretend = 0, frame = 0
 706              		@ frame_needed = 0, uses_anonymous_args = 0
 707              		@ link register save eliminated.
 208:Src/exvol.c   **** 	return target_duty_l;
 708              		.loc 1 208 2 view .LVU140
 209:Src/exvol.c   **** }...
 709              		.loc 1 209 1 is_stmt 0 view .LVU141
 710 0000 014B     		ldr	r3, .L66
 711 0002 B3F90000 		ldrsh	r0, [r3]
 712 0006 7047     		bx	lr
 713              	.L67:
 714              		.align	2
 715              	.L66:
 716 0008 00000000 		.word	.LANCHOR6
 717              		.cfi_endproc
 718              	.LFE146:
 720              		.section	.bss.ctrl_mode,"aw",%nobits
 721              		.set	.LANCHOR0,. + 0
 724              	ctrl_mode:
 725 0000 00       		.space	1
 726              		.section	.bss.target_duty_l,"aw",%nobits
 727              		.align	1
 728              		.set	.LANCHOR6,. + 0
 731              	target_duty_l:
 732 0000 0000     		.space	2
 733              		.section	.bss.target_duty_r,"aw",%nobits
 734              		.align	1
 735              		.set	.LANCHOR5,. + 0
 738              	target_duty_r:
 739 0000 0000     		.space	2
 740              		.section	.bss.target_vol_diff,"aw",%nobits
 741              		.align	2
 742              		.set	.LANCHOR2,. + 0
 745              	target_vol_diff:
 746 0000 00000000 		.space	4
 747              		.section	.bss.target_vol_l,"aw",%nobits
ARM GAS  C:\Temp\ccdcRct6.s 			page 18


 748              		.align	2
 749              		.set	.LANCHOR4,. + 0
 752              	target_vol_l:
 753 0000 00000000 		.space	4
 754              		.section	.bss.target_vol_r,"aw",%nobits
 755              		.align	2
 756              		.set	.LANCHOR3,. + 0
 759              	target_vol_r:
 760 0000 00000000 		.space	4
 761              		.section	.bss.target_vol_sum,"aw",%nobits
 762              		.align	2
 763              		.set	.LANCHOR1,. + 0
 766              	target_vol_sum:
 767 0000 00000000 		.space	4
 768              		.text
 769              	.Letext0:
 770              		.file 2 "c:\\tools\\gcc-arm-none-eabi-9-2019-q4-major\\arm-none-eabi\\include\\machine\\_default_t
 771              		.file 3 "c:\\tools\\gcc-arm-none-eabi-9-2019-q4-major\\arm-none-eabi\\include\\sys\\lock.h"
 772              		.file 4 "c:\\tools\\gcc-arm-none-eabi-9-2019-q4-major\\arm-none-eabi\\include\\sys\\_types.h"
 773              		.file 5 "c:\\tools\\gcc-arm-none-eabi-9-2019-q4-major\\lib\\gcc\\arm-none-eabi\\9.2.1\\include\\st
 774              		.file 6 "c:\\tools\\gcc-arm-none-eabi-9-2019-q4-major\\arm-none-eabi\\include\\sys\\reent.h"
 775              		.file 7 "c:\\tools\\gcc-arm-none-eabi-9-2019-q4-major\\arm-none-eabi\\include\\sys\\_stdint.h"
 776              		.file 8 "Drivers/CMSIS/Include/core_cm4.h"
 777              		.file 9 "Drivers/CMSIS/Device/ST/STM32F4xx/Include/system_stm32f4xx.h"
 778              		.file 10 "Inc/exvol.h"
 779              		.file 11 "Inc/adjust.h"
 780              		.file 12 "Inc/motor.h"
 781              		.file 13 "Inc/battery.h"
 782              		.file 14 "Inc/control.h"
ARM GAS  C:\Temp\ccdcRct6.s 			page 19


DEFINED SYMBOLS
                            *ABS*:00000000 exvol.c
  C:\Temp\ccdcRct6.s:18     .text.set_mode_ctrl:00000000 $t
  C:\Temp\ccdcRct6.s:26     .text.set_mode_ctrl:00000000 set_mode_ctrl
  C:\Temp\ccdcRct6.s:44     .text.set_mode_ctrl:00000008 $d
  C:\Temp\ccdcRct6.s:49     .text.set_motor_vol_trace:00000000 $t
  C:\Temp\ccdcRct6.s:56     .text.set_motor_vol_trace:00000000 set_motor_vol_trace
  C:\Temp\ccdcRct6.s:86     .text.set_motor_vol_trace:00000018 $d
  C:\Temp\ccdcRct6.s:92     .text.set_motor_vol_front_wall:00000000 $t
  C:\Temp\ccdcRct6.s:99     .text.set_motor_vol_front_wall:00000000 set_motor_vol_front_wall
  C:\Temp\ccdcRct6.s:129    .text.set_motor_vol_front_wall:00000018 $d
  C:\Temp\ccdcRct6.s:135    .text.set_motor_vol_side_wall:00000000 $t
  C:\Temp\ccdcRct6.s:142    .text.set_motor_vol_side_wall:00000000 set_motor_vol_side_wall
  C:\Temp\ccdcRct6.s:161    .text.set_motor_vol_side_wall:0000000e $d
  C:\Temp\ccdcRct6.s:165    .text.set_motor_vol_side_wall:00000012 $t
  C:\Temp\ccdcRct6.s:240    .text.set_motor_vol_side_wall:0000006c $d
  C:\Temp\ccdcRct6.s:246    .text.clr_motor_vol:00000000 $t
  C:\Temp\ccdcRct6.s:253    .text.clr_motor_vol:00000000 clr_motor_vol
  C:\Temp\ccdcRct6.s:274    .text.clr_motor_vol:0000000c $d
  C:\Temp\ccdcRct6.s:280    .text.set_motor_vol:00000000 $t
  C:\Temp\ccdcRct6.s:287    .text.set_motor_vol:00000000 set_motor_vol
  C:\Temp\ccdcRct6.s:334    .text.set_motor_vol:00000028 $d
  C:\Temp\ccdcRct6.s:339    .text.clr_operate_history:00000000 $t
  C:\Temp\ccdcRct6.s:346    .text.clr_operate_history:00000000 clr_operate_history
  C:\Temp\ccdcRct6.s:390    .text.clr_operate_history:00000024 $d
  C:\Temp\ccdcRct6.s:395    .text.calc_motor_vol:00000000 $t
  C:\Temp\ccdcRct6.s:402    .text.calc_motor_vol:00000000 calc_motor_vol
  C:\Temp\ccdcRct6.s:435    .text.calc_motor_vol:00000030 $d
  C:\Temp\ccdcRct6.s:443    .text.calc_vol2duty:00000000 $t
  C:\Temp\ccdcRct6.s:450    .text.calc_vol2duty:00000000 calc_vol2duty
  C:\Temp\ccdcRct6.s:509    .text.calc_vol2duty:0000004c $d
  C:\Temp\ccdcRct6.s:518    .text.motor_duty_adjust:00000000 $t
  C:\Temp\ccdcRct6.s:525    .text.motor_duty_adjust:00000000 motor_duty_adjust
  C:\Temp\ccdcRct6.s:580    .text.motor_duty_adjust:00000034 $d
  C:\Temp\ccdcRct6.s:586    .text.set_motor_duty:00000000 $t
  C:\Temp\ccdcRct6.s:593    .text.set_motor_duty:00000000 set_motor_duty
  C:\Temp\ccdcRct6.s:619    .text.set_motor_duty:00000018 $d
  C:\Temp\ccdcRct6.s:625    .text.motor_1ms:00000000 $t
  C:\Temp\ccdcRct6.s:632    .text.motor_1ms:00000000 motor_1ms
  C:\Temp\ccdcRct6.s:667    .text.get_target_duty_r:00000000 $t
  C:\Temp\ccdcRct6.s:674    .text.get_target_duty_r:00000000 get_target_duty_r
  C:\Temp\ccdcRct6.s:689    .text.get_target_duty_r:00000008 $d
  C:\Temp\ccdcRct6.s:694    .text.get_target_duty_l:00000000 $t
  C:\Temp\ccdcRct6.s:701    .text.get_target_duty_l:00000000 get_target_duty_l
  C:\Temp\ccdcRct6.s:716    .text.get_target_duty_l:00000008 $d
  C:\Temp\ccdcRct6.s:724    .bss.ctrl_mode:00000000 ctrl_mode
  C:\Temp\ccdcRct6.s:725    .bss.ctrl_mode:00000000 $d
  C:\Temp\ccdcRct6.s:727    .bss.target_duty_l:00000000 $d
  C:\Temp\ccdcRct6.s:731    .bss.target_duty_l:00000000 target_duty_l
  C:\Temp\ccdcRct6.s:734    .bss.target_duty_r:00000000 $d
  C:\Temp\ccdcRct6.s:738    .bss.target_duty_r:00000000 target_duty_r
  C:\Temp\ccdcRct6.s:741    .bss.target_vol_diff:00000000 $d
  C:\Temp\ccdcRct6.s:745    .bss.target_vol_diff:00000000 target_vol_diff
  C:\Temp\ccdcRct6.s:748    .bss.target_vol_l:00000000 $d
  C:\Temp\ccdcRct6.s:752    .bss.target_vol_l:00000000 target_vol_l
  C:\Temp\ccdcRct6.s:755    .bss.target_vol_r:00000000 $d
  C:\Temp\ccdcRct6.s:759    .bss.target_vol_r:00000000 target_vol_r
ARM GAS  C:\Temp\ccdcRct6.s 			page 20


  C:\Temp\ccdcRct6.s:762    .bss.target_vol_sum:00000000 $d
  C:\Temp\ccdcRct6.s:766    .bss.target_vol_sum:00000000 target_vol_sum

UNDEFINED SYMBOLS
get_target_vol_sum_ctrl
get_target_vol_diff_ctrl
get_target_vol_sum_frontwall
get_target_vol_diff_frontwall
get_side_wall_ctrl_mode
get_target_vol_diff_sidewall
clr_frontwall_operate_history
clr_trace_operate_history
Battery_GetVoltage
set_duty_l
set_duty_r
