ARM GAS  C:\Temp\cc8hvyzi.s 			page 1


   1              		.cpu cortex-m4
   2              		.eabi_attribute 27, 1
   3              		.eabi_attribute 28, 1
   4              		.eabi_attribute 20, 1
   5              		.eabi_attribute 21, 1
   6              		.eabi_attribute 23, 3
   7              		.eabi_attribute 24, 1
   8              		.eabi_attribute 25, 1
   9              		.eabi_attribute 26, 1
  10              		.eabi_attribute 30, 1
  11              		.eabi_attribute 34, 1
  12              		.eabi_attribute 18, 4
  13              		.file	"ir_sensor.c"
  14              		.text
  15              	.Ltext0:
  16              		.cfi_sections	.debug_frame
  17              		.section	.text.TIM1_CC2_Callback,"ax",%progbits
  18              		.align	1
  19              		.global	TIM1_CC2_Callback
  20              		.arch armv7e-m
  21              		.syntax unified
  22              		.thumb
  23              		.thumb_func
  24              		.fpu fpv4-sp-d16
  26              	TIM1_CC2_Callback:
  27              	.LVL0:
  28              	.LFB133:
  29              		.file 1 "Src/ir_sensor.c"
   1:Src/ir_sensor.c **** #include "main.h"
   2:Src/ir_sensor.c **** #include "tim.h"
   3:Src/ir_sensor.c **** #include "adc.h"
   4:Src/ir_sensor.c **** #include "ir_sensor.h"
   5:Src/ir_sensor.c **** 
   6:Src/ir_sensor.c **** 
   7:Src/ir_sensor.c **** #define SENSOR_ALL_OFF()			HAL_GPIO_WritePin(GPIOA, LED_FR_Pin|LED_SL_Pin|LED_SR_Pin|LED_FL_Pin, GP
   8:Src/ir_sensor.c **** #define SENSOR_FRONT_ON()			HAL_GPIO_WritePin(GPIOA, LED_FL_Pin|LED_FR_Pin, GPIO_PIN_SET)
   9:Src/ir_sensor.c **** #define SENSOR_FRONT_OFF()			HAL_GPIO_WritePin(GPIOA, LED_FL_Pin|LED_FR_Pin, GPIO_PIN_RESET)
  10:Src/ir_sensor.c **** #define SENSOR_SIDE_ON()			HAL_GPIO_WritePin(GPIOA, LED_SL_Pin|LED_SR_Pin, GPIO_PIN_SET)
  11:Src/ir_sensor.c **** #define SENSOR_SIDE_OFF()			HAL_GPIO_WritePin(GPIOA, LED_SL_Pin|LED_SR_Pin, GPIO_PIN_RESET)
  12:Src/ir_sensor.c **** 
  13:Src/ir_sensor.c **** 
  14:Src/ir_sensor.c **** #define	SENSOR_ALL_OFF_PATTERN		(0x0000)
  15:Src/ir_sensor.c **** #define	SENSOR_FRONT_ON_PATTERN 	(LED_FL_Pin|LED_FR_Pin)
  16:Src/ir_sensor.c **** #define	SENSOR_SIDE_ON_PATTERN		(LED_SL_Pin|LED_SR_Pin)
  17:Src/ir_sensor.c **** 
  18:Src/ir_sensor.c **** typedef enum {
  19:Src/ir_sensor.c **** 	sensor_all_off_mode 	= 0,
  20:Src/ir_sensor.c **** 	sensor_front_on_mode 	= 1,
  21:Src/ir_sensor.c **** 	sensor_side_on_mode 	= 2,
  22:Src/ir_sensor.c **** } t_sensor_mode;
  23:Src/ir_sensor.c **** 
  24:Src/ir_sensor.c **** 
  25:Src/ir_sensor.c **** typedef enum {
  26:Src/ir_sensor.c **** 	front_left = 0,
  27:Src/ir_sensor.c **** 	side_left 	= 1,
  28:Src/ir_sensor.c **** 	side_right	= 2,
  29:Src/ir_sensor.c **** 	front_right	= 3,
ARM GAS  C:\Temp\cc8hvyzi.s 			page 2


  30:Src/ir_sensor.c **** } t_sensor_dir;
  31:Src/ir_sensor.c **** 
  32:Src/ir_sensor.c **** typedef struct {	// „Çª„É≥„ÇµÊÉÖÂ†±Áî®ÊßãÈÄ†‰Ωì
  33:Src/ir_sensor.c **** 	uint16_t	off;		// LED„Ç™„ÉïÊôÇ„ÅÆÂÄ§
  34:Src/ir_sensor.c **** 	uint16_t	on;			// LED„Ç™„É≥ÊôÇ„ÅÆÂÄ§
  35:Src/ir_sensor.c **** } t_sensor_value;
  36:Src/ir_sensor.c **** 
  37:Src/ir_sensor.c **** static uint16_t		sensor_on_pattern;		// LEDÁÇπÁÅØ„Ç≥„Éû„É≥„Éâ
  38:Src/ir_sensor.c **** static uint16_t		sensor_off_pattern;		// LEDÊ∂àÁÅØ„Ç≥„Éû„É≥„Éâ
  39:Src/ir_sensor.c **** 
  40:Src/ir_sensor.c **** static uint8_t			sensor_mode;		// „Çª„É≥„Ç∑„É≥„Ç∞„Éë„Çø„Éº„É≥
  41:Src/ir_sensor.c **** 
  42:Src/ir_sensor.c **** static uint16_t			adc_value[5];		// ADÂ§âÊèõÂÄ§
  43:Src/ir_sensor.c **** static uint16_t			battery_value;		// a „Éê„ÉÉ„ÉÜ„É™ÈõªÂúß„ÅÆÁîü„Éá„Éº„Çø
  44:Src/ir_sensor.c **** static t_sensor_value	sensor_value[4];	// IR„Çª„É≥„Çµ„ÅÆÁîü„Éá„Éº„Çø
  45:Src/ir_sensor.c **** 
  46:Src/ir_sensor.c **** uint8_t mode_number_int = 0; //m „É¢„Éº„Éâ„Åî„Å®„ÅÆÂâ≤„ÇäËæº„ÅøÁî®„Éï„É©„Ç∞„ÄÄÔºà0„ÅØ‰Ωø„Çè„Å™„ÅÑ„Å
  47:Src/ir_sensor.c **** 
  48:Src/ir_sensor.c **** /* ---------------------------------------------------------------
  49:Src/ir_sensor.c **** 	LEDÊ∂àÁÅØÊôÇ„Å´Ê¨°„ÅÆ„Çª„É≥„Ç∑„É≥„Ç∞„Éë„Çø„Éº„É≥„Å´Âàá„ÇäÊõø„Åà„Çã„Ç≥„Éº„É´„Éê„ÉÉ„ÇØÈñ¢Êï∞
  50:Src/ir_sensor.c **** --------------------------------------------------------------- */
  51:Src/ir_sensor.c **** void TIM1_CC2_Callback( DMA_HandleTypeDef* hdma )
  52:Src/ir_sensor.c **** {
  30              		.loc 1 52 1 view -0
  31              		.cfi_startproc
  32              		@ args = 0, pretend = 0, frame = 0
  33              		@ frame_needed = 0, uses_anonymous_args = 0
  34              		@ link register save eliminated.
  53:Src/ir_sensor.c **** 	switch( sensor_mode ) {
  35              		.loc 1 53 2 view .LVU1
  36 0000 0E4B     		ldr	r3, .L6
  37 0002 1B78     		ldrb	r3, [r3]	@ zero_extendqisi2
  38 0004 012B     		cmp	r3, #1
  39 0006 10D0     		beq	.L2
  40 0008 022B     		cmp	r3, #2
  41 000a 12D0     		beq	.L3
  42 000c 4BB1     		cbz	r3, .L5
  43              	.L4:
  54:Src/ir_sensor.c **** 		case sensor_all_off_mode:
  55:Src/ir_sensor.c **** 			sensor_on_pattern = SENSOR_FRONT_ON_PATTERN;
  56:Src/ir_sensor.c **** 		break;
  57:Src/ir_sensor.c **** 
  58:Src/ir_sensor.c **** 		case sensor_front_on_mode:
  59:Src/ir_sensor.c **** 			sensor_on_pattern = SENSOR_SIDE_ON_PATTERN;
  60:Src/ir_sensor.c **** 		break;
  61:Src/ir_sensor.c **** 
  62:Src/ir_sensor.c **** 		case sensor_side_on_mode:
  63:Src/ir_sensor.c **** 			sensor_on_pattern = SENSOR_ALL_OFF_PATTERN;
  64:Src/ir_sensor.c **** 		break;
  65:Src/ir_sensor.c **** 	}
  66:Src/ir_sensor.c **** 	// 	mÊ¨°„ÅÆLEDÁÇπÁÅØ„Éë„Çø„Éº„É≥„Å´ÂàáÊõø
  67:Src/ir_sensor.c **** 	sensor_mode = (sensor_mode + 1) % 3;
  44              		.loc 1 67 2 view .LVU2
  45              		.loc 1 67 29 is_stmt 0 view .LVU3
  46 000e 5A1C     		adds	r2, r3, #1
  47              		.loc 1 67 34 view .LVU4
  48 0010 0B4B     		ldr	r3, .L6+4
ARM GAS  C:\Temp\cc8hvyzi.s 			page 3


  49 0012 83FB0213 		smull	r1, r3, r3, r2
  50 0016 03EB4303 		add	r3, r3, r3, lsl #1
  51 001a D31A     		subs	r3, r2, r3
  52              		.loc 1 67 14 view .LVU5
  53 001c 074A     		ldr	r2, .L6
  54 001e 1370     		strb	r3, [r2]
  68:Src/ir_sensor.c **** }
  55              		.loc 1 68 1 view .LVU6
  56 0020 7047     		bx	lr
  57              	.L5:
  55:Src/ir_sensor.c **** 		break;
  58              		.loc 1 55 4 is_stmt 1 view .LVU7
  55:Src/ir_sensor.c **** 		break;
  59              		.loc 1 55 22 is_stmt 0 view .LVU8
  60 0022 084A     		ldr	r2, .L6+8
  61 0024 9021     		movs	r1, #144
  62 0026 1180     		strh	r1, [r2]	@ movhi
  56:Src/ir_sensor.c **** 
  63              		.loc 1 56 3 is_stmt 1 view .LVU9
  64 0028 F1E7     		b	.L4
  65              	.L2:
  59:Src/ir_sensor.c **** 		break;
  66              		.loc 1 59 4 view .LVU10
  59:Src/ir_sensor.c **** 		break;
  67              		.loc 1 59 22 is_stmt 0 view .LVU11
  68 002a 064A     		ldr	r2, .L6+8
  69 002c 6021     		movs	r1, #96
  70 002e 1180     		strh	r1, [r2]	@ movhi
  60:Src/ir_sensor.c **** 
  71              		.loc 1 60 3 is_stmt 1 view .LVU12
  72 0030 EDE7     		b	.L4
  73              	.L3:
  63:Src/ir_sensor.c **** 		break;
  74              		.loc 1 63 4 view .LVU13
  63:Src/ir_sensor.c **** 		break;
  75              		.loc 1 63 22 is_stmt 0 view .LVU14
  76 0032 044A     		ldr	r2, .L6+8
  77 0034 0021     		movs	r1, #0
  78 0036 1180     		strh	r1, [r2]	@ movhi
  64:Src/ir_sensor.c **** 	}
  79              		.loc 1 64 3 is_stmt 1 view .LVU15
  80 0038 E9E7     		b	.L4
  81              	.L7:
  82 003a 00BF     		.align	2
  83              	.L6:
  84 003c 00000000 		.word	.LANCHOR0
  85 0040 56555555 		.word	1431655766
  86 0044 00000000 		.word	.LANCHOR1
  87              		.cfi_endproc
  88              	.LFE133:
  90              		.section	.text.Sensor_StartADC,"ax",%progbits
  91              		.align	1
  92              		.global	Sensor_StartADC
  93              		.syntax unified
  94              		.thumb
  95              		.thumb_func
  96              		.fpu fpv4-sp-d16
ARM GAS  C:\Temp\cc8hvyzi.s 			page 4


  98              	Sensor_StartADC:
  99              	.LFB135:
  69:Src/ir_sensor.c **** 
  70:Src/ir_sensor.c **** /* ---------------------------------------------------------------
  71:Src/ir_sensor.c **** 	Ëµ§Â§ñ„Çª„É≥„Çµ„ÅÆÂàùÊúüË®≠ÂÆöÈñ¢Êï∞
  72:Src/ir_sensor.c **** --------------------------------------------------------------- */
  73:Src/ir_sensor.c **** void Sensor_Initialize( void )
  74:Src/ir_sensor.c **** {
  75:Src/ir_sensor.c **** 	HAL_DMA_RegisterCallback (htim1.hdma[TIM_DMA_ID_CC2], HAL_DMA_XFER_CPLT_CB_ID, TIM1_CC2_Callback);
  76:Src/ir_sensor.c **** 	HAL_DMA_Start_IT(htim1.hdma[TIM_DMA_ID_CC1], (uint32_t)&sensor_on_pattern,  (uint32_t)(&(GPIOA->OD
  77:Src/ir_sensor.c **** 	HAL_DMA_Start_IT(htim1.hdma[TIM_DMA_ID_CC2], (uint32_t)&sensor_off_pattern, (uint32_t)(&(GPIOA->OD
  78:Src/ir_sensor.c **** 	HAL_ADC_Start_DMA(&hadc1, (uint32_t*)adc_value, sizeof(adc_value)/sizeof(uint16_t));
  79:Src/ir_sensor.c **** 
  80:Src/ir_sensor.c **** 	htim1.Instance->DIER |= TIM_DIER_CC1DE | TIM_DIER_CC2DE;
  81:Src/ir_sensor.c **** 	__HAL_TIM_MOE_ENABLE(&htim1);
  82:Src/ir_sensor.c **** 
  83:Src/ir_sensor.c **** 	Sensor_StartADC();
  84:Src/ir_sensor.c **** 	//HAL_TIM_PWM_Start(&htim1, TIM_CHANNEL_3);
  85:Src/ir_sensor.c **** }
  86:Src/ir_sensor.c **** 
  87:Src/ir_sensor.c **** 
  88:Src/ir_sensor.c **** /* ---------------------------------------------------------------
  89:Src/ir_sensor.c **** 	Ëµ§Â§ñ„Çª„É≥„Çµ„Å´„Çà„ÇãË®àÊ∏¨„ÇíÈñãÂßã„Åô„ÇãÈñ¢Êï∞
  90:Src/ir_sensor.c **** --------------------------------------------------------------- */
  91:Src/ir_sensor.c **** void Sensor_StartADC( void )
  92:Src/ir_sensor.c **** {
 100              		.loc 1 92 1 view -0
 101              		.cfi_startproc
 102              		@ args = 0, pretend = 0, frame = 0
 103              		@ frame_needed = 0, uses_anonymous_args = 0
 104 0000 10B5     		push	{r4, lr}
 105              	.LCFI0:
 106              		.cfi_def_cfa_offset 8
 107              		.cfi_offset 4, -8
 108              		.cfi_offset 14, -4
  93:Src/ir_sensor.c **** 	sensor_off_pattern = SENSOR_ALL_OFF_PATTERN;
 109              		.loc 1 93 2 view .LVU17
 110              		.loc 1 93 21 is_stmt 0 view .LVU18
 111 0002 0021     		movs	r1, #0
 112 0004 0B4B     		ldr	r3, .L10
 113 0006 1980     		strh	r1, [r3]	@ movhi
  94:Src/ir_sensor.c **** 	sensor_on_pattern = SENSOR_ALL_OFF_PATTERN;
 114              		.loc 1 94 2 is_stmt 1 view .LVU19
 115              		.loc 1 94 20 is_stmt 0 view .LVU20
 116 0008 0B4B     		ldr	r3, .L10+4
 117 000a 1980     		strh	r1, [r3]	@ movhi
  95:Src/ir_sensor.c **** 	sensor_mode = sensor_all_off_mode;
 118              		.loc 1 95 2 is_stmt 1 view .LVU21
 119              		.loc 1 95 14 is_stmt 0 view .LVU22
 120 000c 0B4B     		ldr	r3, .L10+8
 121 000e 1970     		strb	r1, [r3]
  96:Src/ir_sensor.c **** 
  97:Src/ir_sensor.c **** 	__HAL_TIM_CLEAR_FLAG(&htim1, TIM_FLAG_UPDATE);
 122              		.loc 1 97 2 is_stmt 1 view .LVU23
 123 0010 0B4C     		ldr	r4, .L10+12
 124 0012 2368     		ldr	r3, [r4]
 125 0014 6FF00102 		mvn	r2, #1
ARM GAS  C:\Temp\cc8hvyzi.s 			page 5


 126 0018 1A61     		str	r2, [r3, #16]
  98:Src/ir_sensor.c **** 	HAL_TIM_PWM_Start(&htim1, TIM_CHANNEL_1);
 127              		.loc 1 98 2 view .LVU24
 128 001a 2046     		mov	r0, r4
 129 001c FFF7FEFF 		bl	HAL_TIM_PWM_Start
 130              	.LVL1:
  99:Src/ir_sensor.c **** 	HAL_TIM_PWM_Start(&htim1, TIM_CHANNEL_2);
 131              		.loc 1 99 2 view .LVU25
 132 0020 0421     		movs	r1, #4
 133 0022 2046     		mov	r0, r4
 134 0024 FFF7FEFF 		bl	HAL_TIM_PWM_Start
 135              	.LVL2:
 100:Src/ir_sensor.c **** 	HAL_TIM_OC_Start(&htim1, TIM_CHANNEL_3);
 136              		.loc 1 100 2 view .LVU26
 137 0028 0821     		movs	r1, #8
 138 002a 2046     		mov	r0, r4
 139 002c FFF7FEFF 		bl	HAL_TIM_OC_Start
 140              	.LVL3:
 101:Src/ir_sensor.c **** }
 141              		.loc 1 101 1 is_stmt 0 view .LVU27
 142 0030 10BD     		pop	{r4, pc}
 143              	.L11:
 144 0032 00BF     		.align	2
 145              	.L10:
 146 0034 00000000 		.word	.LANCHOR2
 147 0038 00000000 		.word	.LANCHOR1
 148 003c 00000000 		.word	.LANCHOR0
 149 0040 00000000 		.word	htim1
 150              		.cfi_endproc
 151              	.LFE135:
 153              		.section	.text.Sensor_Initialize,"ax",%progbits
 154              		.align	1
 155              		.global	Sensor_Initialize
 156              		.syntax unified
 157              		.thumb
 158              		.thumb_func
 159              		.fpu fpv4-sp-d16
 161              	Sensor_Initialize:
 162              	.LFB134:
  74:Src/ir_sensor.c **** 	HAL_DMA_RegisterCallback (htim1.hdma[TIM_DMA_ID_CC2], HAL_DMA_XFER_CPLT_CB_ID, TIM1_CC2_Callback);
 163              		.loc 1 74 1 is_stmt 1 view -0
 164              		.cfi_startproc
 165              		@ args = 0, pretend = 0, frame = 0
 166              		@ frame_needed = 0, uses_anonymous_args = 0
 167 0000 38B5     		push	{r3, r4, r5, lr}
 168              	.LCFI1:
 169              		.cfi_def_cfa_offset 16
 170              		.cfi_offset 3, -16
 171              		.cfi_offset 4, -12
 172              		.cfi_offset 5, -8
 173              		.cfi_offset 14, -4
  75:Src/ir_sensor.c **** 	HAL_DMA_Start_IT(htim1.hdma[TIM_DMA_ID_CC1], (uint32_t)&sensor_on_pattern,  (uint32_t)(&(GPIOA->OD
 174              		.loc 1 75 2 view .LVU29
 175 0002 124C     		ldr	r4, .L14
 176 0004 124A     		ldr	r2, .L14+4
 177 0006 0021     		movs	r1, #0
 178 0008 A06A     		ldr	r0, [r4, #40]
ARM GAS  C:\Temp\cc8hvyzi.s 			page 6


 179 000a FFF7FEFF 		bl	HAL_DMA_RegisterCallback
 180              	.LVL4:
  76:Src/ir_sensor.c **** 	HAL_DMA_Start_IT(htim1.hdma[TIM_DMA_ID_CC2], (uint32_t)&sensor_off_pattern, (uint32_t)(&(GPIOA->OD
 181              		.loc 1 76 2 view .LVU30
 182 000e 114D     		ldr	r5, .L14+8
 183 0010 0123     		movs	r3, #1
 184 0012 2A46     		mov	r2, r5
 185 0014 1049     		ldr	r1, .L14+12
 186 0016 606A     		ldr	r0, [r4, #36]
 187 0018 FFF7FEFF 		bl	HAL_DMA_Start_IT
 188              	.LVL5:
  77:Src/ir_sensor.c **** 	HAL_ADC_Start_DMA(&hadc1, (uint32_t*)adc_value, sizeof(adc_value)/sizeof(uint16_t));
 189              		.loc 1 77 2 view .LVU31
 190 001c 0123     		movs	r3, #1
 191 001e 2A46     		mov	r2, r5
 192 0020 0E49     		ldr	r1, .L14+16
 193 0022 A06A     		ldr	r0, [r4, #40]
 194 0024 FFF7FEFF 		bl	HAL_DMA_Start_IT
 195              	.LVL6:
  78:Src/ir_sensor.c **** 
 196              		.loc 1 78 2 view .LVU32
 197 0028 0522     		movs	r2, #5
 198 002a 0D49     		ldr	r1, .L14+20
 199 002c 0D48     		ldr	r0, .L14+24
 200 002e FFF7FEFF 		bl	HAL_ADC_Start_DMA
 201              	.LVL7:
  80:Src/ir_sensor.c **** 	__HAL_TIM_MOE_ENABLE(&htim1);
 202              		.loc 1 80 2 view .LVU33
  80:Src/ir_sensor.c **** 	__HAL_TIM_MOE_ENABLE(&htim1);
 203              		.loc 1 80 7 is_stmt 0 view .LVU34
 204 0032 2368     		ldr	r3, [r4]
  80:Src/ir_sensor.c **** 	__HAL_TIM_MOE_ENABLE(&htim1);
 205              		.loc 1 80 23 view .LVU35
 206 0034 DA68     		ldr	r2, [r3, #12]
 207 0036 42F4C062 		orr	r2, r2, #1536
 208 003a DA60     		str	r2, [r3, #12]
  81:Src/ir_sensor.c **** 
 209              		.loc 1 81 2 is_stmt 1 view .LVU36
 210 003c 5A6C     		ldr	r2, [r3, #68]
 211 003e 42F40042 		orr	r2, r2, #32768
 212 0042 5A64     		str	r2, [r3, #68]
  83:Src/ir_sensor.c **** 	//HAL_TIM_PWM_Start(&htim1, TIM_CHANNEL_3);
 213              		.loc 1 83 2 view .LVU37
 214 0044 FFF7FEFF 		bl	Sensor_StartADC
 215              	.LVL8:
  85:Src/ir_sensor.c **** 
 216              		.loc 1 85 1 is_stmt 0 view .LVU38
 217 0048 38BD     		pop	{r3, r4, r5, pc}
 218              	.L15:
 219 004a 00BF     		.align	2
 220              	.L14:
 221 004c 00000000 		.word	htim1
 222 0050 00000000 		.word	TIM1_CC2_Callback
 223 0054 14000240 		.word	1073872916
 224 0058 00000000 		.word	.LANCHOR1
 225 005c 00000000 		.word	.LANCHOR2
 226 0060 00000000 		.word	.LANCHOR3
ARM GAS  C:\Temp\cc8hvyzi.s 			page 7


 227 0064 00000000 		.word	hadc1
 228              		.cfi_endproc
 229              	.LFE134:
 231              		.section	.text.Sensor_StopADC,"ax",%progbits
 232              		.align	1
 233              		.global	Sensor_StopADC
 234              		.syntax unified
 235              		.thumb
 236              		.thumb_func
 237              		.fpu fpv4-sp-d16
 239              	Sensor_StopADC:
 240              	.LFB136:
 102:Src/ir_sensor.c **** 
 103:Src/ir_sensor.c **** /* ---------------------------------------------------------------
 104:Src/ir_sensor.c **** 	Ëµ§Â§ñ„Çª„É≥„Çµ„Å´„Çà„ÇãË®àÊ∏¨„ÇíÂÅúÊ≠¢„Åô„ÇãÈñ¢Êï∞
 105:Src/ir_sensor.c **** --------------------------------------------------------------- */
 106:Src/ir_sensor.c **** void Sensor_StopADC( void )
 107:Src/ir_sensor.c **** {
 241              		.loc 1 107 1 is_stmt 1 view -0
 242              		.cfi_startproc
 243              		@ args = 0, pretend = 0, frame = 0
 244              		@ frame_needed = 0, uses_anonymous_args = 0
 245 0000 10B5     		push	{r4, lr}
 246              	.LCFI2:
 247              		.cfi_def_cfa_offset 8
 248              		.cfi_offset 4, -8
 249              		.cfi_offset 14, -4
 108:Src/ir_sensor.c **** 	HAL_TIM_PWM_Stop(&htim1, TIM_CHANNEL_1);
 250              		.loc 1 108 2 view .LVU40
 251 0002 0C4C     		ldr	r4, .L18
 252 0004 0021     		movs	r1, #0
 253 0006 2046     		mov	r0, r4
 254 0008 FFF7FEFF 		bl	HAL_TIM_PWM_Stop
 255              	.LVL9:
 109:Src/ir_sensor.c **** 	HAL_TIM_PWM_Stop(&htim1, TIM_CHANNEL_2);
 256              		.loc 1 109 2 view .LVU41
 257 000c 0421     		movs	r1, #4
 258 000e 2046     		mov	r0, r4
 259 0010 FFF7FEFF 		bl	HAL_TIM_PWM_Stop
 260              	.LVL10:
 110:Src/ir_sensor.c **** 	HAL_TIM_PWM_Stop(&htim1, TIM_CHANNEL_3);
 261              		.loc 1 110 2 view .LVU42
 262 0014 0821     		movs	r1, #8
 263 0016 2046     		mov	r0, r4
 264 0018 FFF7FEFF 		bl	HAL_TIM_PWM_Stop
 265              	.LVL11:
 111:Src/ir_sensor.c **** 	HAL_DMA_Abort_IT(htim1.hdma[TIM_DMA_ID_CC2]);
 266              		.loc 1 111 2 view .LVU43
 267 001c A06A     		ldr	r0, [r4, #40]
 268 001e FFF7FEFF 		bl	HAL_DMA_Abort_IT
 269              	.LVL12:
 112:Src/ir_sensor.c **** 	HAL_DMA_Abort_IT(htim1.hdma[TIM_DMA_ID_CC1]);
 270              		.loc 1 112 2 view .LVU44
 271 0022 606A     		ldr	r0, [r4, #36]
 272 0024 FFF7FEFF 		bl	HAL_DMA_Abort_IT
 273              	.LVL13:
 113:Src/ir_sensor.c **** 	SENSOR_ALL_OFF();
ARM GAS  C:\Temp\cc8hvyzi.s 			page 8


 274              		.loc 1 113 2 view .LVU45
 275 0028 0022     		movs	r2, #0
 276 002a F021     		movs	r1, #240
 277 002c 0248     		ldr	r0, .L18+4
 278 002e FFF7FEFF 		bl	HAL_GPIO_WritePin
 279              	.LVL14:
 114:Src/ir_sensor.c **** }
 280              		.loc 1 114 1 is_stmt 0 view .LVU46
 281 0032 10BD     		pop	{r4, pc}
 282              	.L19:
 283              		.align	2
 284              	.L18:
 285 0034 00000000 		.word	htim1
 286 0038 00000240 		.word	1073872896
 287              		.cfi_endproc
 288              	.LFE136:
 290              		.section	.text.HAL_ADC_ConvCpltCallback,"ax",%progbits
 291              		.align	1
 292              		.global	HAL_ADC_ConvCpltCallback
 293              		.syntax unified
 294              		.thumb
 295              		.thumb_func
 296              		.fpu fpv4-sp-d16
 298              	HAL_ADC_ConvCpltCallback:
 299              	.LVL15:
 300              	.LFB137:
 115:Src/ir_sensor.c **** 
 116:Src/ir_sensor.c **** 
 117:Src/ir_sensor.c **** void HAL_ADC_ConvCpltCallback( ADC_HandleTypeDef* hadc )
 118:Src/ir_sensor.c **** {
 301              		.loc 1 118 1 is_stmt 1 view -0
 302              		.cfi_startproc
 303              		@ args = 0, pretend = 0, frame = 0
 304              		@ frame_needed = 0, uses_anonymous_args = 0
 305              		@ link register save eliminated.
 119:Src/ir_sensor.c **** //	printf("DMA_complete\r\n");//„Éá„Éê„ÉÉ„Ç∞Áî®
 120:Src/ir_sensor.c **** 
 121:Src/ir_sensor.c **** //	ADC1->SR &= ~ADC_SR_EOC_Msk;//ADCÂÆå‰∫Ü„Éï„É©„Ç∞„Çí„ÇØ„É™„Ç¢
 122:Src/ir_sensor.c **** 
 123:Src/ir_sensor.c **** 	/* a Ââ≤„ÇäËæº„ÅøÂá¶ÁêÜ„ÇíÊõ∏„Åè */
 124:Src/ir_sensor.c **** 	switch ((sensor_mode+2)%3) {
 306              		.loc 1 124 2 view .LVU48
 307              		.loc 1 124 22 is_stmt 0 view .LVU49
 308 0000 154B     		ldr	r3, .L25
 309 0002 1A78     		ldrb	r2, [r3]	@ zero_extendqisi2
 310 0004 0232     		adds	r2, r2, #2
 311              		.loc 1 124 25 view .LVU50
 312 0006 154B     		ldr	r3, .L25+4
 313 0008 83FB0213 		smull	r1, r3, r3, r2
 314 000c 03EB4303 		add	r3, r3, r3, lsl #1
 315 0010 D31A     		subs	r3, r2, r3
 316              		.loc 1 124 2 view .LVU51
 317 0012 012B     		cmp	r3, #1
 318 0014 11D0     		beq	.L21
 319 0016 022B     		cmp	r3, #2
 320 0018 16D0     		beq	.L22
 321 001a 03B1     		cbz	r3, .L24
ARM GAS  C:\Temp\cc8hvyzi.s 			page 9


 322              	.L20:
 125:Src/ir_sensor.c **** 	case sensor_all_off_mode:
 126:Src/ir_sensor.c **** 		battery_value 					= adc_value[0];
 127:Src/ir_sensor.c **** 		sensor_value[front_left].off 	= adc_value[1];
 128:Src/ir_sensor.c **** 		sensor_value[side_left].off		= adc_value[2];
 129:Src/ir_sensor.c **** 		sensor_value[side_right].off 	= adc_value[3];
 130:Src/ir_sensor.c **** 		sensor_value[front_right].off 	= adc_value[4];
 131:Src/ir_sensor.c **** 		//HAL_GPIO_WritePin(GPIOA,LED2_Pin,GPIO_PIN_SET);
 132:Src/ir_sensor.c **** 	break;
 133:Src/ir_sensor.c **** 
 134:Src/ir_sensor.c **** 	case sensor_front_on_mode:
 135:Src/ir_sensor.c **** 		sensor_value[front_left].on 	= adc_value[1];
 136:Src/ir_sensor.c **** 		sensor_value[front_right].on 	= adc_value[4];
 137:Src/ir_sensor.c **** 		//HAL_GPIO_WritePin(GPIOA,LED3_Pin,GPIO_PIN_SET);
 138:Src/ir_sensor.c **** 	break;
 139:Src/ir_sensor.c **** 
 140:Src/ir_sensor.c **** 	case sensor_side_on_mode:
 141:Src/ir_sensor.c **** 		sensor_value[side_left].on		= adc_value[2];
 142:Src/ir_sensor.c **** 		sensor_value[side_right].on 	= adc_value[3];
 143:Src/ir_sensor.c **** 		//HAL_GPIO_WritePin(GPIOA,LED4_Pin,GPIO_PIN_SET);
 144:Src/ir_sensor.c **** 	break;
 145:Src/ir_sensor.c **** 
 146:Src/ir_sensor.c **** 	}
 147:Src/ir_sensor.c **** 	//HAL_GPIO_WritePin(GPIOA,LED2_Pin,GPIO_PIN_SET);
 148:Src/ir_sensor.c **** 
 149:Src/ir_sensor.c **** }
 323              		.loc 1 149 1 view .LVU52
 324 001c 7047     		bx	lr
 325              	.L24:
 126:Src/ir_sensor.c **** 		sensor_value[front_left].off 	= adc_value[1];
 326              		.loc 1 126 3 is_stmt 1 view .LVU53
 126:Src/ir_sensor.c **** 		sensor_value[front_left].off 	= adc_value[1];
 327              		.loc 1 126 33 is_stmt 0 view .LVU54
 328 001e 104B     		ldr	r3, .L25+8
 329 0020 1988     		ldrh	r1, [r3]
 126:Src/ir_sensor.c **** 		sensor_value[front_left].off 	= adc_value[1];
 330              		.loc 1 126 22 view .LVU55
 331 0022 104A     		ldr	r2, .L25+12
 332 0024 1180     		strh	r1, [r2]	@ movhi
 127:Src/ir_sensor.c **** 		sensor_value[side_left].off		= adc_value[2];
 333              		.loc 1 127 3 is_stmt 1 view .LVU56
 127:Src/ir_sensor.c **** 		sensor_value[side_left].off		= adc_value[2];
 334              		.loc 1 127 44 is_stmt 0 view .LVU57
 335 0026 5988     		ldrh	r1, [r3, #2]
 127:Src/ir_sensor.c **** 		sensor_value[side_left].off		= adc_value[2];
 336              		.loc 1 127 33 view .LVU58
 337 0028 0F4A     		ldr	r2, .L25+16
 338 002a 1180     		strh	r1, [r2]	@ movhi
 128:Src/ir_sensor.c **** 		sensor_value[side_right].off 	= adc_value[3];
 339              		.loc 1 128 3 is_stmt 1 view .LVU59
 128:Src/ir_sensor.c **** 		sensor_value[side_right].off 	= adc_value[3];
 340              		.loc 1 128 43 is_stmt 0 view .LVU60
 341 002c 9988     		ldrh	r1, [r3, #4]
 128:Src/ir_sensor.c **** 		sensor_value[side_right].off 	= adc_value[3];
 342              		.loc 1 128 32 view .LVU61
 343 002e 9180     		strh	r1, [r2, #4]	@ movhi
 129:Src/ir_sensor.c **** 		sensor_value[front_right].off 	= adc_value[4];
ARM GAS  C:\Temp\cc8hvyzi.s 			page 10


 344              		.loc 1 129 3 is_stmt 1 view .LVU62
 129:Src/ir_sensor.c **** 		sensor_value[front_right].off 	= adc_value[4];
 345              		.loc 1 129 44 is_stmt 0 view .LVU63
 346 0030 D988     		ldrh	r1, [r3, #6]
 129:Src/ir_sensor.c **** 		sensor_value[front_right].off 	= adc_value[4];
 347              		.loc 1 129 33 view .LVU64
 348 0032 1181     		strh	r1, [r2, #8]	@ movhi
 130:Src/ir_sensor.c **** 		//HAL_GPIO_WritePin(GPIOA,LED2_Pin,GPIO_PIN_SET);
 349              		.loc 1 130 3 is_stmt 1 view .LVU65
 130:Src/ir_sensor.c **** 		//HAL_GPIO_WritePin(GPIOA,LED2_Pin,GPIO_PIN_SET);
 350              		.loc 1 130 45 is_stmt 0 view .LVU66
 351 0034 1B89     		ldrh	r3, [r3, #8]
 130:Src/ir_sensor.c **** 		//HAL_GPIO_WritePin(GPIOA,LED2_Pin,GPIO_PIN_SET);
 352              		.loc 1 130 34 view .LVU67
 353 0036 9381     		strh	r3, [r2, #12]	@ movhi
 132:Src/ir_sensor.c **** 
 354              		.loc 1 132 2 is_stmt 1 view .LVU68
 355 0038 7047     		bx	lr
 356              	.L21:
 135:Src/ir_sensor.c **** 		sensor_value[front_right].on 	= adc_value[4];
 357              		.loc 1 135 3 view .LVU69
 135:Src/ir_sensor.c **** 		sensor_value[front_right].on 	= adc_value[4];
 358              		.loc 1 135 43 is_stmt 0 view .LVU70
 359 003a 094A     		ldr	r2, .L25+8
 360 003c 5188     		ldrh	r1, [r2, #2]
 135:Src/ir_sensor.c **** 		sensor_value[front_right].on 	= adc_value[4];
 361              		.loc 1 135 32 view .LVU71
 362 003e 0A4B     		ldr	r3, .L25+16
 363 0040 5980     		strh	r1, [r3, #2]	@ movhi
 136:Src/ir_sensor.c **** 		//HAL_GPIO_WritePin(GPIOA,LED3_Pin,GPIO_PIN_SET);
 364              		.loc 1 136 3 is_stmt 1 view .LVU72
 136:Src/ir_sensor.c **** 		//HAL_GPIO_WritePin(GPIOA,LED3_Pin,GPIO_PIN_SET);
 365              		.loc 1 136 44 is_stmt 0 view .LVU73
 366 0042 1289     		ldrh	r2, [r2, #8]
 136:Src/ir_sensor.c **** 		//HAL_GPIO_WritePin(GPIOA,LED3_Pin,GPIO_PIN_SET);
 367              		.loc 1 136 33 view .LVU74
 368 0044 DA81     		strh	r2, [r3, #14]	@ movhi
 138:Src/ir_sensor.c **** 
 369              		.loc 1 138 2 is_stmt 1 view .LVU75
 370 0046 7047     		bx	lr
 371              	.L22:
 141:Src/ir_sensor.c **** 		sensor_value[side_right].on 	= adc_value[3];
 372              		.loc 1 141 3 view .LVU76
 141:Src/ir_sensor.c **** 		sensor_value[side_right].on 	= adc_value[3];
 373              		.loc 1 141 42 is_stmt 0 view .LVU77
 374 0048 054A     		ldr	r2, .L25+8
 375 004a 9188     		ldrh	r1, [r2, #4]
 141:Src/ir_sensor.c **** 		sensor_value[side_right].on 	= adc_value[3];
 376              		.loc 1 141 31 view .LVU78
 377 004c 064B     		ldr	r3, .L25+16
 378 004e D980     		strh	r1, [r3, #6]	@ movhi
 142:Src/ir_sensor.c **** 		//HAL_GPIO_WritePin(GPIOA,LED4_Pin,GPIO_PIN_SET);
 379              		.loc 1 142 3 is_stmt 1 view .LVU79
 142:Src/ir_sensor.c **** 		//HAL_GPIO_WritePin(GPIOA,LED4_Pin,GPIO_PIN_SET);
 380              		.loc 1 142 43 is_stmt 0 view .LVU80
 381 0050 D288     		ldrh	r2, [r2, #6]
 142:Src/ir_sensor.c **** 		//HAL_GPIO_WritePin(GPIOA,LED4_Pin,GPIO_PIN_SET);
ARM GAS  C:\Temp\cc8hvyzi.s 			page 11


 382              		.loc 1 142 32 view .LVU81
 383 0052 5A81     		strh	r2, [r3, #10]	@ movhi
 144:Src/ir_sensor.c **** 
 384              		.loc 1 144 2 is_stmt 1 view .LVU82
 385              		.loc 1 149 1 is_stmt 0 view .LVU83
 386 0054 E2E7     		b	.L20
 387              	.L26:
 388 0056 00BF     		.align	2
 389              	.L25:
 390 0058 00000000 		.word	.LANCHOR0
 391 005c 56555555 		.word	1431655766
 392 0060 00000000 		.word	.LANCHOR3
 393 0064 00000000 		.word	.LANCHOR4
 394 0068 00000000 		.word	.LANCHOR5
 395              		.cfi_endproc
 396              	.LFE137:
 398              		.section	.text.Sensor_GetBatteryValue,"ax",%progbits
 399              		.align	1
 400              		.global	Sensor_GetBatteryValue
 401              		.syntax unified
 402              		.thumb
 403              		.thumb_func
 404              		.fpu fpv4-sp-d16
 406              	Sensor_GetBatteryValue:
 407              	.LFB138:
 150:Src/ir_sensor.c **** 
 151:Src/ir_sensor.c **** 
 152:Src/ir_sensor.c **** /* ---------------------------------------------------------------
 153:Src/ir_sensor.c **** 	„Éê„ÉÉ„ÉÜ„É™„ÅÆADÂÄ§„ÇíÂèñÂæó„Åô„ÇãÈñ¢Êï∞
 154:Src/ir_sensor.c **** --------------------------------------------------------------- */
 155:Src/ir_sensor.c **** uint16_t Sensor_GetBatteryValue( void )
 156:Src/ir_sensor.c **** {
 408              		.loc 1 156 1 is_stmt 1 view -0
 409              		.cfi_startproc
 410              		@ args = 0, pretend = 0, frame = 0
 411              		@ frame_needed = 0, uses_anonymous_args = 0
 412              		@ link register save eliminated.
 157:Src/ir_sensor.c **** 	return( battery_value );
 413              		.loc 1 157 2 view .LVU85
 158:Src/ir_sensor.c **** }
 414              		.loc 1 158 1 is_stmt 0 view .LVU86
 415 0000 014B     		ldr	r3, .L28
 416 0002 1888     		ldrh	r0, [r3]
 417 0004 7047     		bx	lr
 418              	.L29:
 419 0006 00BF     		.align	2
 420              	.L28:
 421 0008 00000000 		.word	.LANCHOR4
 422              		.cfi_endproc
 423              	.LFE138:
 425              		.section	.text.Sensor_GetValue,"ax",%progbits
 426              		.align	1
 427              		.global	Sensor_GetValue
 428              		.syntax unified
 429              		.thumb
 430              		.thumb_func
 431              		.fpu fpv4-sp-d16
ARM GAS  C:\Temp\cc8hvyzi.s 			page 12


 433              	Sensor_GetValue:
 434              	.LVL16:
 435              	.LFB139:
 159:Src/ir_sensor.c **** 
 160:Src/ir_sensor.c **** /* ---------------------------------------------------------------
 161:Src/ir_sensor.c **** 	Ëµ§Â§ñ„Çª„É≥„Çµ„ÅÆÂÅèÂ∑ÆÂÄ§„ÇíÂèñÂæó„Åô„ÇãÈñ¢Êï∞
 162:Src/ir_sensor.c **** --------------------------------------------------------------- */
 163:Src/ir_sensor.c **** int16_t Sensor_GetValue( uint8_t dir )
 164:Src/ir_sensor.c **** {
 436              		.loc 1 164 1 is_stmt 1 view -0
 437              		.cfi_startproc
 438              		@ args = 0, pretend = 0, frame = 0
 439              		@ frame_needed = 0, uses_anonymous_args = 0
 440              		@ link register save eliminated.
 165:Src/ir_sensor.c **** 	if( 0 <= dir || dir <= 3 ) {
 441              		.loc 1 165 2 view .LVU88
 166:Src/ir_sensor.c **** 		return sensor_value[dir].on - sensor_value[dir].off;
 442              		.loc 1 166 3 view .LVU89
 443              		.loc 1 166 27 is_stmt 0 view .LVU90
 444 0000 044A     		ldr	r2, .L31
 445 0002 02EB8003 		add	r3, r2, r0, lsl #2
 446 0006 5B88     		ldrh	r3, [r3, #2]
 447              		.loc 1 166 50 view .LVU91
 448 0008 32F82000 		ldrh	r0, [r2, r0, lsl #2]
 449              	.LVL17:
 450              		.loc 1 166 31 view .LVU92
 451 000c 181A     		subs	r0, r3, r0
 167:Src/ir_sensor.c **** 	} else {
 168:Src/ir_sensor.c **** 		return -1;
 169:Src/ir_sensor.c **** 	}
 170:Src/ir_sensor.c **** }
 452              		.loc 1 170 1 view .LVU93
 453 000e 00B2     		sxth	r0, r0
 454 0010 7047     		bx	lr
 455              	.L32:
 456 0012 00BF     		.align	2
 457              	.L31:
 458 0014 00000000 		.word	.LANCHOR5
 459              		.cfi_endproc
 460              	.LFE139:
 462              		.global	__aeabi_i2d
 463              		.global	__aeabi_ddiv
 464              		.global	__aeabi_dsub
 465              		.global	__aeabi_dmul
 466              		.global	__aeabi_dcmplt
 467              		.section	.text.SensorValue2length,"ax",%progbits
 468              		.align	1
 469              		.global	SensorValue2length
 470              		.syntax unified
 471              		.thumb
 472              		.thumb_func
 473              		.fpu fpv4-sp-d16
 475              	SensorValue2length:
 476              	.LVL18:
 477              	.LFB140:
 171:Src/ir_sensor.c **** 
 172:Src/ir_sensor.c **** 
ARM GAS  C:\Temp\cc8hvyzi.s 			page 13


 173:Src/ir_sensor.c **** 
 174:Src/ir_sensor.c **** //Ê©üËÉΩ	: IR„Çª„É≥„ÇµÂÄ§„ÇíË∑ùÈõ¢„Å´Â§âÊèõ„Åô„Çã
 175:Src/ir_sensor.c **** //ÂºïÊï∞	: Â§âÊèõ„Åô„Çã„Çª„É≥„ÇµÁï™Âè∑(0:Â∑¶Ââç,1:Â∑¶Ê®™,2:Âè≥Ê®™,3:Âè≥Ââç)
 176:Src/ir_sensor.c **** //Ëøî„ÇäÂÄ§	: Ë∑ùÈõ¢[m]
 177:Src/ir_sensor.c **** double SensorValue2length( uint8_t dir )
 178:Src/ir_sensor.c **** {
 478              		.loc 1 178 1 is_stmt 1 view -0
 479              		.cfi_startproc
 480              		@ args = 0, pretend = 0, frame = 0
 481              		@ frame_needed = 0, uses_anonymous_args = 0
 482              		.loc 1 178 1 is_stmt 0 view .LVU95
 483 0000 2DE9F843 		push	{r3, r4, r5, r6, r7, r8, r9, lr}
 484              	.LCFI3:
 485              		.cfi_def_cfa_offset 32
 486              		.cfi_offset 3, -32
 487              		.cfi_offset 4, -28
 488              		.cfi_offset 5, -24
 489              		.cfi_offset 6, -20
 490              		.cfi_offset 7, -16
 491              		.cfi_offset 8, -12
 492              		.cfi_offset 9, -8
 493              		.cfi_offset 14, -4
 494 0004 0446     		mov	r4, r0
 179:Src/ir_sensor.c **** 	double length_tmp = 0;
 495              		.loc 1 179 2 is_stmt 1 view .LVU96
 496              	.LVL19:
 180:Src/ir_sensor.c **** 	double sensor_tmp = (double)Sensor_GetValue(dir);
 497              		.loc 1 180 2 view .LVU97
 498              		.loc 1 180 30 is_stmt 0 view .LVU98
 499 0006 FFF7FEFF 		bl	Sensor_GetValue
 500              	.LVL20:
 501              		.loc 1 180 30 view .LVU99
 502 000a 0546     		mov	r5, r0
 503              		.loc 1 180 9 view .LVU100
 504 000c FFF7FEFF 		bl	__aeabi_i2d
 505              	.LVL21:
 506 0010 41EC100B 		vmov	d0, r0, r1
 507              	.LVL22:
 181:Src/ir_sensor.c **** 	double a = 0;
 508              		.loc 1 181 2 is_stmt 1 view .LVU101
 182:Src/ir_sensor.c **** 	double b = 0;
 509              		.loc 1 182 2 view .LVU102
 183:Src/ir_sensor.c **** 
 184:Src/ir_sensor.c **** 	//Ââç„Çª„É≥„Çµ
 185:Src/ir_sensor.c **** 	if ((dir == 0) || (dir == 3))
 510              		.loc 1 185 2 view .LVU103
 511              		.loc 1 185 5 is_stmt 0 view .LVU104
 512 0014 44B1     		cbz	r4, .L34
 513              		.loc 1 185 17 discriminator 1 view .LVU105
 514 0016 032C     		cmp	r4, #3
 515 0018 06D0     		beq	.L34
 186:Src/ir_sensor.c **** 	{
 187:Src/ir_sensor.c **** 		if(sensor_tmp <= 100){
 188:Src/ir_sensor.c **** 			length_tmp = 0.09;
 189:Src/ir_sensor.c **** 		}
 190:Src/ir_sensor.c **** 		else{
 191:Src/ir_sensor.c **** 			//Â∑¶Ââç
ARM GAS  C:\Temp\cc8hvyzi.s 			page 14


 192:Src/ir_sensor.c **** 			if(dir == 0){
 193:Src/ir_sensor.c **** 				a = 0.7;
 194:Src/ir_sensor.c **** 				b = 0.0847;
 195:Src/ir_sensor.c **** 			}
 196:Src/ir_sensor.c **** 			//Âè≥Ââç
 197:Src/ir_sensor.c **** 			if(dir == 3){
 198:Src/ir_sensor.c **** 				a = 0.7;
 199:Src/ir_sensor.c **** 				b = 0.082;
 200:Src/ir_sensor.c **** 				}
 201:Src/ir_sensor.c **** 			//Á∑öÂΩ¢Ëøë‰ºº„ÄÄa/ln(AD) -b
 202:Src/ir_sensor.c **** 			length_tmp = a / log(sensor_tmp) - b ;
 203:Src/ir_sensor.c **** 		}
 204:Src/ir_sensor.c **** 	}
 205:Src/ir_sensor.c **** 	//Ê®™„Çª„É≥„Çµ	
 206:Src/ir_sensor.c **** 	else if((dir == 1) || (dir == 2)){
 516              		.loc 1 206 7 is_stmt 1 view .LVU106
 517              		.loc 1 206 21 is_stmt 0 view .LVU107
 518 001a 013C     		subs	r4, r4, #1
 519 001c E4B2     		uxtb	r4, r4
 520              		.loc 1 206 9 view .LVU108
 521 001e 012C     		cmp	r4, #1
 522 0020 2AD9     		bls	.L47
 179:Src/ir_sensor.c **** 	double sensor_tmp = (double)Sensor_GetValue(dir);
 523              		.loc 1 179 9 view .LVU109
 524 0022 0024     		movs	r4, #0
 525 0024 0025     		movs	r5, #0
 526 0026 48E0     		b	.L36
 527              	.L34:
 187:Src/ir_sensor.c **** 			length_tmp = 0.09;
 528              		.loc 1 187 3 is_stmt 1 view .LVU110
 187:Src/ir_sensor.c **** 			length_tmp = 0.09;
 529              		.loc 1 187 5 is_stmt 0 view .LVU111
 530 0028 642D     		cmp	r5, #100
 531 002a 43DD     		ble	.L40
 192:Src/ir_sensor.c **** 				a = 0.7;
 532              		.loc 1 192 4 is_stmt 1 view .LVU112
 192:Src/ir_sensor.c **** 				a = 0.7;
 533              		.loc 1 192 6 is_stmt 0 view .LVU113
 534 002c A4B1     		cbz	r4, .L41
 182:Src/ir_sensor.c **** 
 535              		.loc 1 182 9 view .LVU114
 536 002e 0026     		movs	r6, #0
 537 0030 0027     		movs	r7, #0
 181:Src/ir_sensor.c **** 	double b = 0;
 538              		.loc 1 181 9 view .LVU115
 539 0032 B046     		mov	r8, r6
 540 0034 B946     		mov	r9, r7
 541              	.L37:
 542              	.LVL23:
 197:Src/ir_sensor.c **** 				a = 0.7;
 543              		.loc 1 197 4 is_stmt 1 view .LVU116
 197:Src/ir_sensor.c **** 				a = 0.7;
 544              		.loc 1 197 6 is_stmt 0 view .LVU117
 545 0036 032C     		cmp	r4, #3
 546 0038 16D0     		beq	.L48
 547              	.LVL24:
 548              	.L38:
ARM GAS  C:\Temp\cc8hvyzi.s 			page 15


 202:Src/ir_sensor.c **** 		}
 549              		.loc 1 202 4 is_stmt 1 view .LVU118
 202:Src/ir_sensor.c **** 		}
 550              		.loc 1 202 21 is_stmt 0 view .LVU119
 551 003a FFF7FEFF 		bl	log
 552              	.LVL25:
 202:Src/ir_sensor.c **** 		}
 553              		.loc 1 202 21 view .LVU120
 554 003e 53EC102B 		vmov	r2, r3, d0
 202:Src/ir_sensor.c **** 		}
 555              		.loc 1 202 19 view .LVU121
 556 0042 4046     		mov	r0, r8
 557 0044 4946     		mov	r1, r9
 558 0046 FFF7FEFF 		bl	__aeabi_ddiv
 559              	.LVL26:
 202:Src/ir_sensor.c **** 		}
 560              		.loc 1 202 15 view .LVU122
 561 004a 3246     		mov	r2, r6
 562 004c 3B46     		mov	r3, r7
 563 004e FFF7FEFF 		bl	__aeabi_dsub
 564              	.LVL27:
 565 0052 0446     		mov	r4, r0
 566 0054 0D46     		mov	r5, r1
 567              	.LVL28:
 202:Src/ir_sensor.c **** 		}
 568              		.loc 1 202 15 view .LVU123
 569 0056 30E0     		b	.L36
 570              	.LVL29:
 571              	.L41:
 194:Src/ir_sensor.c **** 			}
 572              		.loc 1 194 7 view .LVU124
 573 0058 1FA7     		adr	r7, .L51
 574 005a D7E90067 		ldrd	r6, [r7]
 193:Src/ir_sensor.c **** 				b = 0.0847;
 575              		.loc 1 193 7 view .LVU125
 576 005e 0FF28009 		adr	r9, .L51+8
 577 0062 D9E90089 		ldrd	r8, [r9]
 578 0066 E6E7     		b	.L37
 579              	.LVL30:
 580              	.L48:
 199:Src/ir_sensor.c **** 				}
 581              		.loc 1 199 7 view .LVU126
 582 0068 1FA7     		adr	r7, .L51+16
 583 006a D7E90067 		ldrd	r6, [r7]
 584              	.LVL31:
 198:Src/ir_sensor.c **** 				b = 0.082;
 585              		.loc 1 198 7 view .LVU127
 586 006e 0FF27009 		adr	r9, .L51+8
 587 0072 D9E90089 		ldrd	r8, [r9]
 588              	.LVL32:
 198:Src/ir_sensor.c **** 				b = 0.082;
 589              		.loc 1 198 7 view .LVU128
 590 0076 E0E7     		b	.L38
 591              	.LVL33:
 592              	.L47:
 207:Src/ir_sensor.c **** 		if(sensor_tmp <= 100){
 593              		.loc 1 207 3 is_stmt 1 view .LVU129
ARM GAS  C:\Temp\cc8hvyzi.s 			page 16


 594              		.loc 1 207 5 is_stmt 0 view .LVU130
 595 0078 642D     		cmp	r5, #100
 596 007a 03DC     		bgt	.L49
 208:Src/ir_sensor.c **** 			length_tmp = 0.050;
 597              		.loc 1 208 15 view .LVU131
 598 007c 1CA5     		adr	r5, .L51+24
 599 007e D5E90045 		ldrd	r4, [r5]
 600 0082 1AE0     		b	.L36
 601              	.L49:
 209:Src/ir_sensor.c **** 		}
 210:Src/ir_sensor.c **** 		else{
 211:Src/ir_sensor.c **** 			a = 0.015;
 602              		.loc 1 211 4 is_stmt 1 view .LVU132
 603              	.LVL34:
 212:Src/ir_sensor.c **** 			b = 0.027;
 604              		.loc 1 212 4 view .LVU133
 213:Src/ir_sensor.c **** 			//Á∑öÂΩ¢Ëøë‰ºº„ÄÄ0.09-(a*ln(AD)-b)
 214:Src/ir_sensor.c **** 			length_tmp = 0.09-(a*log(sensor_tmp)-b);
 605              		.loc 1 214 4 view .LVU134
 606              		.loc 1 214 25 is_stmt 0 view .LVU135
 607 0084 FFF7FEFF 		bl	log
 608              	.LVL35:
 609              		.loc 1 214 25 view .LVU136
 610 0088 51EC100B 		vmov	r0, r1, d0
 611              		.loc 1 214 24 view .LVU137
 612 008c 1AA3     		adr	r3, .L51+32
 613 008e D3E90023 		ldrd	r2, [r3]
 614 0092 FFF7FEFF 		bl	__aeabi_dmul
 615              	.LVL36:
 616              		.loc 1 214 40 view .LVU138
 617 0096 1AA3     		adr	r3, .L51+40
 618 0098 D3E90023 		ldrd	r2, [r3]
 619 009c FFF7FEFF 		bl	__aeabi_dsub
 620              	.LVL37:
 621 00a0 0246     		mov	r2, r0
 622 00a2 0B46     		mov	r3, r1
 623              		.loc 1 214 15 view .LVU139
 624 00a4 18A1     		adr	r1, .L51+48
 625 00a6 D1E90001 		ldrd	r0, [r1]
 626 00aa FFF7FEFF 		bl	__aeabi_dsub
 627              	.LVL38:
 628 00ae 0446     		mov	r4, r0
 629 00b0 0D46     		mov	r5, r1
 630              	.LVL39:
 631              		.loc 1 214 15 view .LVU140
 632 00b2 02E0     		b	.L36
 633              	.LVL40:
 634              	.L40:
 188:Src/ir_sensor.c **** 		}
 635              		.loc 1 188 15 view .LVU141
 636 00b4 14A5     		adr	r5, .L51+48
 637 00b6 D5E90045 		ldrd	r4, [r5]
 638              	.LVL41:
 639              	.L36:
 215:Src/ir_sensor.c **** 		}		
 216:Src/ir_sensor.c **** 
 217:Src/ir_sensor.c **** 	}
ARM GAS  C:\Temp\cc8hvyzi.s 			page 17


 218:Src/ir_sensor.c **** 
 219:Src/ir_sensor.c **** 	//„É™„Éü„ÉÉ„ÉàÂá¶ÁêÜ
 220:Src/ir_sensor.c **** 	if(length_tmp < 0) 
 640              		.loc 1 220 2 is_stmt 1 view .LVU142
 641              		.loc 1 220 4 is_stmt 0 view .LVU143
 642 00ba 0022     		movs	r2, #0
 643 00bc 0023     		movs	r3, #0
 644 00be 2046     		mov	r0, r4
 645 00c0 2946     		mov	r1, r5
 646 00c2 FFF7FEFF 		bl	__aeabi_dcmplt
 647              	.LVL42:
 648 00c6 18B9     		cbnz	r0, .L50
 649              	.LVL43:
 650              	.L33:
 221:Src/ir_sensor.c **** 	{
 222:Src/ir_sensor.c **** 		length_tmp = 0;
 223:Src/ir_sensor.c **** 	}
 224:Src/ir_sensor.c **** 
 225:Src/ir_sensor.c **** 	return length_tmp;
 226:Src/ir_sensor.c **** 
 227:Src/ir_sensor.c **** }
 651              		.loc 1 227 1 view .LVU144
 652 00c8 45EC104B 		vmov	d0, r4, r5
 653 00cc BDE8F883 		pop	{r3, r4, r5, r6, r7, r8, r9, pc}
 654              	.LVL44:
 655              	.L50:
 222:Src/ir_sensor.c **** 	}
 656              		.loc 1 222 14 view .LVU145
 657 00d0 0024     		movs	r4, #0
 658              	.LVL45:
 222:Src/ir_sensor.c **** 	}
 659              		.loc 1 222 14 view .LVU146
 660 00d2 0025     		movs	r5, #0
 661              	.LVL46:
 225:Src/ir_sensor.c **** 
 662              		.loc 1 225 2 is_stmt 1 view .LVU147
 225:Src/ir_sensor.c **** 
 663              		.loc 1 225 9 is_stmt 0 view .LVU148
 664 00d4 F8E7     		b	.L33
 665              	.L52:
 666 00d6 00BF     		.align	3
 667              	.L51:
 668 00d8 90A0F831 		.word	838377616
 669 00dc E6AEB53F 		.word	1068871398
 670 00e0 66666666 		.word	1717986918
 671 00e4 6666E63F 		.word	1072064102
 672 00e8 CBA145B6 		.word	-1236950581
 673 00ec F3FDB43F 		.word	1068826099
 674 00f0 9A999999 		.word	-1717986918
 675 00f4 9999A93F 		.word	1068079513
 676 00f8 B81E85EB 		.word	-343597384
 677 00fc 51B88E3F 		.word	1066317905
 678 0100 D9CEF753 		.word	1408749273
 679 0104 E3A59B3F 		.word	1067165155
 680 0108 0AD7A370 		.word	1889785610
 681 010c 3D0AB73F 		.word	1068960317
 682              		.cfi_endproc
ARM GAS  C:\Temp\cc8hvyzi.s 			page 18


 683              	.LFE140:
 685              		.section	.rodata.Sensor_DebugPrintf.str1.4,"aMS",%progbits,1
 686              		.align	2
 687              	.LC0:
 688 0000 25356420 		.ascii	"%5d (%4d - %3d), %5d (%4d - %3d), %5d (%4d - %3d), "
 688      28253464 
 688      202D2025 
 688      3364292C 
 688      20253564 
 689 0033 25356420 		.ascii	"%5d (%4d - %3d)\015\012\000"
 689      28253464 
 689      202D2025 
 689      3364290D 
 689      0A00
 690              		.section	.text.Sensor_DebugPrintf,"ax",%progbits
 691              		.align	1
 692              		.global	Sensor_DebugPrintf
 693              		.syntax unified
 694              		.thumb
 695              		.thumb_func
 696              		.fpu fpv4-sp-d16
 698              	Sensor_DebugPrintf:
 699              	.LFB141:
 228:Src/ir_sensor.c **** 
 229:Src/ir_sensor.c **** 
 230:Src/ir_sensor.c **** 
 231:Src/ir_sensor.c **** /* ---------------------------------------------------------------
 232:Src/ir_sensor.c **** 	„Éá„Éê„ÉÉ„Ç∞Áî®
 233:Src/ir_sensor.c **** --------------------------------------------------------------- */
 234:Src/ir_sensor.c **** void Sensor_DebugPrintf( void )
 235:Src/ir_sensor.c **** {
 700              		.loc 1 235 1 is_stmt 1 view -0
 701              		.cfi_startproc
 702              		@ args = 0, pretend = 0, frame = 0
 703              		@ frame_needed = 0, uses_anonymous_args = 0
 704 0000 F0B5     		push	{r4, r5, r6, r7, lr}
 705              	.LCFI4:
 706              		.cfi_def_cfa_offset 20
 707              		.cfi_offset 4, -20
 708              		.cfi_offset 5, -16
 709              		.cfi_offset 6, -12
 710              		.cfi_offset 7, -8
 711              		.cfi_offset 14, -4
 712 0002 8BB0     		sub	sp, sp, #44
 713              	.LCFI5:
 714              		.cfi_def_cfa_offset 64
 236:Src/ir_sensor.c **** 	printf( "%5d (%4d - %3d), %5d (%4d - %3d), %5d (%4d - %3d), %5d (%4d - %3d)\r\n",
 715              		.loc 1 236 2 view .LVU150
 237:Src/ir_sensor.c **** 			sensor_value[3].on - sensor_value[3].off, sensor_value[3].on, sensor_value[3].off,
 716              		.loc 1 237 19 is_stmt 0 view .LVU151
 717 0004 0D48     		ldr	r0, .L55
 718 0006 C289     		ldrh	r2, [r0, #14]
 719              		.loc 1 237 40 view .LVU152
 720 0008 8389     		ldrh	r3, [r0, #12]
 238:Src/ir_sensor.c **** 			sensor_value[2].on - sensor_value[2].off, sensor_value[2].on, sensor_value[2].off,
 721              		.loc 1 238 19 view .LVU153
 722 000a 4489     		ldrh	r4, [r0, #10]
ARM GAS  C:\Temp\cc8hvyzi.s 			page 19


 723              		.loc 1 238 40 view .LVU154
 724 000c 0189     		ldrh	r1, [r0, #8]
 239:Src/ir_sensor.c **** 			sensor_value[1].on - sensor_value[1].off, sensor_value[1].on, sensor_value[1].off,
 725              		.loc 1 239 19 view .LVU155
 726 000e C588     		ldrh	r5, [r0, #6]
 727              		.loc 1 239 40 view .LVU156
 728 0010 8788     		ldrh	r7, [r0, #4]
 240:Src/ir_sensor.c **** 			sensor_value[0].on - sensor_value[0].off, sensor_value[0].on, sensor_value[0].off );
 729              		.loc 1 240 19 view .LVU157
 730 0012 4688     		ldrh	r6, [r0, #2]
 731              		.loc 1 240 40 view .LVU158
 732 0014 0088     		ldrh	r0, [r0]
 236:Src/ir_sensor.c **** 			sensor_value[3].on - sensor_value[3].off, sensor_value[3].on, sensor_value[3].off,
 733              		.loc 1 236 2 view .LVU159
 734 0016 0890     		str	r0, [sp, #32]
 735 0018 0796     		str	r6, [sp, #28]
 736 001a 361A     		subs	r6, r6, r0
 737 001c 0696     		str	r6, [sp, #24]
 738 001e 0597     		str	r7, [sp, #20]
 739 0020 0495     		str	r5, [sp, #16]
 740 0022 ED1B     		subs	r5, r5, r7
 741 0024 0395     		str	r5, [sp, #12]
 742 0026 0291     		str	r1, [sp, #8]
 743 0028 0194     		str	r4, [sp, #4]
 744 002a 641A     		subs	r4, r4, r1
 745 002c 0094     		str	r4, [sp]
 746 002e D11A     		subs	r1, r2, r3
 747 0030 0348     		ldr	r0, .L55+4
 748 0032 FFF7FEFF 		bl	printf
 749              	.LVL47:
 241:Src/ir_sensor.c **** 
 242:Src/ir_sensor.c **** }
 750              		.loc 1 242 1 view .LVU160
 751 0036 0BB0     		add	sp, sp, #44
 752              	.LCFI6:
 753              		.cfi_def_cfa_offset 20
 754              		@ sp needed
 755 0038 F0BD     		pop	{r4, r5, r6, r7, pc}
 756              	.L56:
 757 003a 00BF     		.align	2
 758              	.L55:
 759 003c 00000000 		.word	.LANCHOR5
 760 0040 00000000 		.word	.LC0
 761              		.cfi_endproc
 762              	.LFE141:
 764              		.global	mode_number_int
 765              		.section	.bss.adc_value,"aw",%nobits
 766              		.align	2
 767              		.set	.LANCHOR3,. + 0
 770              	adc_value:
 771 0000 00000000 		.space	10
 771      00000000 
 771      0000
 772              		.section	.bss.battery_value,"aw",%nobits
 773              		.align	1
 774              		.set	.LANCHOR4,. + 0
 777              	battery_value:
ARM GAS  C:\Temp\cc8hvyzi.s 			page 20


 778 0000 0000     		.space	2
 779              		.section	.bss.mode_number_int,"aw",%nobits
 782              	mode_number_int:
 783 0000 00       		.space	1
 784              		.section	.bss.sensor_mode,"aw",%nobits
 785              		.set	.LANCHOR0,. + 0
 788              	sensor_mode:
 789 0000 00       		.space	1
 790              		.section	.bss.sensor_off_pattern,"aw",%nobits
 791              		.align	1
 792              		.set	.LANCHOR2,. + 0
 795              	sensor_off_pattern:
 796 0000 0000     		.space	2
 797              		.section	.bss.sensor_on_pattern,"aw",%nobits
 798              		.align	1
 799              		.set	.LANCHOR1,. + 0
 802              	sensor_on_pattern:
 803 0000 0000     		.space	2
 804              		.section	.bss.sensor_value,"aw",%nobits
 805              		.align	2
 806              		.set	.LANCHOR5,. + 0
 809              	sensor_value:
 810 0000 00000000 		.space	16
 810      00000000 
 810      00000000 
 810      00000000 
 811              		.text
 812              	.Letext0:
 813              		.file 2 "c:\\tools\\gcc-arm-none-eabi-9-2019-q4-major\\arm-none-eabi\\include\\machine\\_default_t
 814              		.file 3 "c:\\tools\\gcc-arm-none-eabi-9-2019-q4-major\\arm-none-eabi\\include\\sys\\_stdint.h"
 815              		.file 4 "Drivers/CMSIS/Include/core_cm4.h"
 816              		.file 5 "Drivers/CMSIS/Device/ST/STM32F4xx/Include/system_stm32f4xx.h"
 817              		.file 6 "Drivers/CMSIS/Device/ST/STM32F4xx/Include/stm32f413xx.h"
 818              		.file 7 "Drivers/CMSIS/Device/ST/STM32F4xx/Include/stm32f4xx.h"
 819              		.file 8 "Drivers/STM32F4xx_HAL_Driver/Inc/stm32f4xx_hal_def.h"
 820              		.file 9 "Drivers/STM32F4xx_HAL_Driver/Inc/stm32f4xx_hal_gpio.h"
 821              		.file 10 "Drivers/STM32F4xx_HAL_Driver/Inc/stm32f4xx_hal_dma.h"
 822              		.file 11 "Drivers/STM32F4xx_HAL_Driver/Inc/stm32f4xx_hal_adc.h"
 823              		.file 12 "Drivers/STM32F4xx_HAL_Driver/Inc/stm32f4xx_hal_tim.h"
 824              		.file 13 "Inc/tim.h"
 825              		.file 14 "Inc/adc.h"
 826              		.file 15 "c:\\tools\\gcc-arm-none-eabi-9-2019-q4-major\\arm-none-eabi\\include\\sys\\lock.h"
 827              		.file 16 "c:\\tools\\gcc-arm-none-eabi-9-2019-q4-major\\arm-none-eabi\\include\\sys\\_types.h"
 828              		.file 17 "c:\\tools\\gcc-arm-none-eabi-9-2019-q4-major\\lib\\gcc\\arm-none-eabi\\9.2.1\\include\\s
 829              		.file 18 "c:\\tools\\gcc-arm-none-eabi-9-2019-q4-major\\arm-none-eabi\\include\\sys\\reent.h"
 830              		.file 19 "c:\\tools\\gcc-arm-none-eabi-9-2019-q4-major\\arm-none-eabi\\include\\math.h"
 831              		.file 20 "c:\\tools\\gcc-arm-none-eabi-9-2019-q4-major\\arm-none-eabi\\include\\stdio.h"
ARM GAS  C:\Temp\cc8hvyzi.s 			page 21


DEFINED SYMBOLS
                            *ABS*:00000000 ir_sensor.c
  C:\Temp\cc8hvyzi.s:18     .text.TIM1_CC2_Callback:00000000 $t
  C:\Temp\cc8hvyzi.s:26     .text.TIM1_CC2_Callback:00000000 TIM1_CC2_Callback
  C:\Temp\cc8hvyzi.s:84     .text.TIM1_CC2_Callback:0000003c $d
  C:\Temp\cc8hvyzi.s:91     .text.Sensor_StartADC:00000000 $t
  C:\Temp\cc8hvyzi.s:98     .text.Sensor_StartADC:00000000 Sensor_StartADC
  C:\Temp\cc8hvyzi.s:146    .text.Sensor_StartADC:00000034 $d
  C:\Temp\cc8hvyzi.s:154    .text.Sensor_Initialize:00000000 $t
  C:\Temp\cc8hvyzi.s:161    .text.Sensor_Initialize:00000000 Sensor_Initialize
  C:\Temp\cc8hvyzi.s:221    .text.Sensor_Initialize:0000004c $d
  C:\Temp\cc8hvyzi.s:232    .text.Sensor_StopADC:00000000 $t
  C:\Temp\cc8hvyzi.s:239    .text.Sensor_StopADC:00000000 Sensor_StopADC
  C:\Temp\cc8hvyzi.s:285    .text.Sensor_StopADC:00000034 $d
  C:\Temp\cc8hvyzi.s:291    .text.HAL_ADC_ConvCpltCallback:00000000 $t
  C:\Temp\cc8hvyzi.s:298    .text.HAL_ADC_ConvCpltCallback:00000000 HAL_ADC_ConvCpltCallback
  C:\Temp\cc8hvyzi.s:390    .text.HAL_ADC_ConvCpltCallback:00000058 $d
  C:\Temp\cc8hvyzi.s:399    .text.Sensor_GetBatteryValue:00000000 $t
  C:\Temp\cc8hvyzi.s:406    .text.Sensor_GetBatteryValue:00000000 Sensor_GetBatteryValue
  C:\Temp\cc8hvyzi.s:421    .text.Sensor_GetBatteryValue:00000008 $d
  C:\Temp\cc8hvyzi.s:426    .text.Sensor_GetValue:00000000 $t
  C:\Temp\cc8hvyzi.s:433    .text.Sensor_GetValue:00000000 Sensor_GetValue
  C:\Temp\cc8hvyzi.s:458    .text.Sensor_GetValue:00000014 $d
  C:\Temp\cc8hvyzi.s:468    .text.SensorValue2length:00000000 $t
  C:\Temp\cc8hvyzi.s:475    .text.SensorValue2length:00000000 SensorValue2length
  C:\Temp\cc8hvyzi.s:668    .text.SensorValue2length:000000d8 $d
  C:\Temp\cc8hvyzi.s:686    .rodata.Sensor_DebugPrintf.str1.4:00000000 $d
  C:\Temp\cc8hvyzi.s:691    .text.Sensor_DebugPrintf:00000000 $t
  C:\Temp\cc8hvyzi.s:698    .text.Sensor_DebugPrintf:00000000 Sensor_DebugPrintf
  C:\Temp\cc8hvyzi.s:759    .text.Sensor_DebugPrintf:0000003c $d
  C:\Temp\cc8hvyzi.s:782    .bss.mode_number_int:00000000 mode_number_int
  C:\Temp\cc8hvyzi.s:766    .bss.adc_value:00000000 $d
  C:\Temp\cc8hvyzi.s:770    .bss.adc_value:00000000 adc_value
  C:\Temp\cc8hvyzi.s:773    .bss.battery_value:00000000 $d
  C:\Temp\cc8hvyzi.s:777    .bss.battery_value:00000000 battery_value
  C:\Temp\cc8hvyzi.s:783    .bss.mode_number_int:00000000 $d
  C:\Temp\cc8hvyzi.s:788    .bss.sensor_mode:00000000 sensor_mode
  C:\Temp\cc8hvyzi.s:789    .bss.sensor_mode:00000000 $d
  C:\Temp\cc8hvyzi.s:791    .bss.sensor_off_pattern:00000000 $d
  C:\Temp\cc8hvyzi.s:795    .bss.sensor_off_pattern:00000000 sensor_off_pattern
  C:\Temp\cc8hvyzi.s:798    .bss.sensor_on_pattern:00000000 $d
  C:\Temp\cc8hvyzi.s:802    .bss.sensor_on_pattern:00000000 sensor_on_pattern
  C:\Temp\cc8hvyzi.s:805    .bss.sensor_value:00000000 $d
  C:\Temp\cc8hvyzi.s:809    .bss.sensor_value:00000000 sensor_value

UNDEFINED SYMBOLS
HAL_TIM_PWM_Start
HAL_TIM_OC_Start
htim1
HAL_DMA_RegisterCallback
HAL_DMA_Start_IT
HAL_ADC_Start_DMA
hadc1
HAL_TIM_PWM_Stop
HAL_DMA_Abort_IT
HAL_GPIO_WritePin
__aeabi_i2d
ARM GAS  C:\Temp\cc8hvyzi.s 			page 22


__aeabi_ddiv
__aeabi_dsub
__aeabi_dmul
__aeabi_dcmplt
log
printf
