ARM GAS  C:\Temp\ccBBuIqP.s 			page 1


   1              		.cpu cortex-m4
   2              		.eabi_attribute 27, 1
   3              		.eabi_attribute 28, 1
   4              		.eabi_attribute 20, 1
   5              		.eabi_attribute 21, 1
   6              		.eabi_attribute 23, 3
   7              		.eabi_attribute 24, 1
   8              		.eabi_attribute 25, 1
   9              		.eabi_attribute 26, 1
  10              		.eabi_attribute 30, 1
  11              		.eabi_attribute 34, 1
  12              		.eabi_attribute 18, 4
  13              		.file	"matlab_code_gen_rtwutil.c"
  14              		.text
  15              	.Ltext0:
  16              		.cfi_sections	.debug_frame
  17              		.global	__aeabi_dcmplt
  18              		.global	__aeabi_dcmpge
  19              		.global	__aeabi_dadd
  20              		.global	__aeabi_dcmpgt
  21              		.global	__aeabi_dmul
  22              		.global	__aeabi_dsub
  23              		.section	.text.rt_roundd_snf,"ax",%progbits
  24              		.align	1
  25              		.global	rt_roundd_snf
  26              		.arch armv7e-m
  27              		.syntax unified
  28              		.thumb
  29              		.thumb_func
  30              		.fpu fpv4-sp-d16
  32              	rt_roundd_snf:
  33              	.LVL0:
  34              	.LFB0:
  35              		.file 1 "Src/matlab_code_gen_rtwutil.c"
   1:Src/matlab_code_gen_rtwutil.c **** /*
   2:Src/matlab_code_gen_rtwutil.c ****  * Sponsored License - for use in support of a program or activity
   3:Src/matlab_code_gen_rtwutil.c ****  * sponsored by MathWorks.  Not for government, commercial or other
   4:Src/matlab_code_gen_rtwutil.c ****  * non-sponsored organizational use.
   5:Src/matlab_code_gen_rtwutil.c ****  * File: matlab_code_gen_rtwutil.c
   6:Src/matlab_code_gen_rtwutil.c ****  *
   7:Src/matlab_code_gen_rtwutil.c ****  * MATLAB Coder version            : 4.2
   8:Src/matlab_code_gen_rtwutil.c ****  * C/C++ source code generated on  : 18-Nov-2019 21:12:53
   9:Src/matlab_code_gen_rtwutil.c ****  */
  10:Src/matlab_code_gen_rtwutil.c **** 
  11:Src/matlab_code_gen_rtwutil.c **** /* Include Files */
  12:Src/matlab_code_gen_rtwutil.c **** #include <math.h>
  13:Src/matlab_code_gen_rtwutil.c **** #include "matlab_code_gen_rtwutil.h"
  14:Src/matlab_code_gen_rtwutil.c **** 
  15:Src/matlab_code_gen_rtwutil.c **** /* Function Definitions */
  16:Src/matlab_code_gen_rtwutil.c **** 
  17:Src/matlab_code_gen_rtwutil.c **** /*
  18:Src/matlab_code_gen_rtwutil.c ****  * Arguments    : double u
  19:Src/matlab_code_gen_rtwutil.c ****  * Return Type  : double
  20:Src/matlab_code_gen_rtwutil.c ****  */
  21:Src/matlab_code_gen_rtwutil.c **** double rt_roundd_snf(double u)
  22:Src/matlab_code_gen_rtwutil.c **** {
  36              		.loc 1 22 1 view -0
ARM GAS  C:\Temp\ccBBuIqP.s 			page 2


  37              		.cfi_startproc
  38              		@ args = 0, pretend = 0, frame = 0
  39              		@ frame_needed = 0, uses_anonymous_args = 0
  40              		.loc 1 22 1 is_stmt 0 view .LVU1
  41 0000 38B5     		push	{r3, r4, r5, lr}
  42              	.LCFI0:
  43              		.cfi_def_cfa_offset 16
  44              		.cfi_offset 3, -16
  45              		.cfi_offset 4, -12
  46              		.cfi_offset 5, -8
  47              		.cfi_offset 14, -4
  48 0002 55EC104B 		vmov	r4, r5, d0
  23:Src/matlab_code_gen_rtwutil.c ****   double y;
  49              		.loc 1 23 3 is_stmt 1 view .LVU2
  24:Src/matlab_code_gen_rtwutil.c ****   if (fabs(u) < 4.503599627370496E+15) {
  50              		.loc 1 24 3 view .LVU3
  51              		.loc 1 24 7 is_stmt 0 view .LVU4
  52 0006 10EE100A 		vmov	r0, s0	@ int
  53 000a 25F00041 		bic	r1, r5, #-2147483648
  54              		.loc 1 24 6 view .LVU5
  55 000e 0022     		movs	r2, #0
  56 0010 1B4B     		ldr	r3, .L14
  57 0012 FFF7FEFF 		bl	__aeabi_dcmplt
  58              	.LVL1:
  59              		.loc 1 24 6 view .LVU6
  60 0016 90B1     		cbz	r0, .L2
  25:Src/matlab_code_gen_rtwutil.c ****     if (u >= 0.5) {
  61              		.loc 1 25 5 is_stmt 1 view .LVU7
  62              		.loc 1 25 8 is_stmt 0 view .LVU8
  63 0018 0022     		movs	r2, #0
  64 001a 1A4B     		ldr	r3, .L14+4
  65 001c 2046     		mov	r0, r4
  66 001e 2946     		mov	r1, r5
  67 0020 FFF7FEFF 		bl	__aeabi_dcmpge
  68              	.LVL2:
  69 0024 70B1     		cbz	r0, .L11
  26:Src/matlab_code_gen_rtwutil.c ****       y = floor(u + 0.5);
  70              		.loc 1 26 7 is_stmt 1 view .LVU9
  71              		.loc 1 26 11 is_stmt 0 view .LVU10
  72 0026 0022     		movs	r2, #0
  73 0028 164B     		ldr	r3, .L14+4
  74 002a 2046     		mov	r0, r4
  75 002c 2946     		mov	r1, r5
  76 002e FFF7FEFF 		bl	__aeabi_dadd
  77              	.LVL3:
  78 0032 41EC100B 		vmov	d0, r0, r1
  79 0036 FFF7FEFF 		bl	floor
  80              	.LVL4:
  81 003a 55EC104B 		vmov	r4, r5, d0
  82              	.LVL5:
  83              	.L2:
  27:Src/matlab_code_gen_rtwutil.c ****     } else if (u > -0.5) {
  28:Src/matlab_code_gen_rtwutil.c ****       y = u * 0.0;
  29:Src/matlab_code_gen_rtwutil.c ****     } else {
  30:Src/matlab_code_gen_rtwutil.c ****       y = ceil(u - 0.5);
  31:Src/matlab_code_gen_rtwutil.c ****     }
  32:Src/matlab_code_gen_rtwutil.c ****   } else {
ARM GAS  C:\Temp\ccBBuIqP.s 			page 3


  33:Src/matlab_code_gen_rtwutil.c ****     y = u;
  34:Src/matlab_code_gen_rtwutil.c ****   }
  35:Src/matlab_code_gen_rtwutil.c **** 
  36:Src/matlab_code_gen_rtwutil.c ****   return y;
  84              		.loc 1 36 3 is_stmt 1 view .LVU11
  37:Src/matlab_code_gen_rtwutil.c **** }
  85              		.loc 1 37 1 is_stmt 0 view .LVU12
  86 003e 45EC104B 		vmov	d0, r4, r5
  87 0042 38BD     		pop	{r3, r4, r5, pc}
  88              	.LVL6:
  89              	.L11:
  27:Src/matlab_code_gen_rtwutil.c ****     } else if (u > -0.5) {
  90              		.loc 1 27 12 is_stmt 1 view .LVU13
  27:Src/matlab_code_gen_rtwutil.c ****     } else if (u > -0.5) {
  91              		.loc 1 27 15 is_stmt 0 view .LVU14
  92 0044 0022     		movs	r2, #0
  93 0046 104B     		ldr	r3, .L14+8
  94 0048 2046     		mov	r0, r4
  95 004a 2946     		mov	r1, r5
  96 004c FFF7FEFF 		bl	__aeabi_dcmpgt
  97              	.LVL7:
  98 0050 40B1     		cbz	r0, .L12
  28:Src/matlab_code_gen_rtwutil.c ****     } else {
  99              		.loc 1 28 7 is_stmt 1 view .LVU15
  28:Src/matlab_code_gen_rtwutil.c ****     } else {
 100              		.loc 1 28 9 is_stmt 0 view .LVU16
 101 0052 0022     		movs	r2, #0
 102 0054 0023     		movs	r3, #0
 103 0056 2046     		mov	r0, r4
 104 0058 2946     		mov	r1, r5
 105 005a FFF7FEFF 		bl	__aeabi_dmul
 106              	.LVL8:
 107 005e 0446     		mov	r4, r0
 108              	.LVL9:
  28:Src/matlab_code_gen_rtwutil.c ****     } else {
 109              		.loc 1 28 9 view .LVU17
 110 0060 0D46     		mov	r5, r1
 111              	.LVL10:
  28:Src/matlab_code_gen_rtwutil.c ****     } else {
 112              		.loc 1 28 9 view .LVU18
 113 0062 ECE7     		b	.L2
 114              	.LVL11:
 115              	.L12:
  30:Src/matlab_code_gen_rtwutil.c ****     }
 116              		.loc 1 30 7 is_stmt 1 view .LVU19
  30:Src/matlab_code_gen_rtwutil.c ****     }
 117              		.loc 1 30 11 is_stmt 0 view .LVU20
 118 0064 0022     		movs	r2, #0
 119 0066 074B     		ldr	r3, .L14+4
 120 0068 2046     		mov	r0, r4
 121 006a 2946     		mov	r1, r5
 122 006c FFF7FEFF 		bl	__aeabi_dsub
 123              	.LVL12:
 124 0070 41EC100B 		vmov	d0, r0, r1
 125 0074 FFF7FEFF 		bl	ceil
 126              	.LVL13:
 127 0078 55EC104B 		vmov	r4, r5, d0
ARM GAS  C:\Temp\ccBBuIqP.s 			page 4


 128              	.LVL14:
  30:Src/matlab_code_gen_rtwutil.c ****     }
 129              		.loc 1 30 11 view .LVU21
 130 007c DFE7     		b	.L2
 131              	.L15:
 132 007e 00BF     		.align	2
 133              	.L14:
 134 0080 00003043 		.word	1127219200
 135 0084 0000E03F 		.word	1071644672
 136 0088 0000E0BF 		.word	-1075838976
 137              		.cfi_endproc
 138              	.LFE0:
 140              		.text
 141              	.Letext0:
 142              		.file 2 "c:\\tools\\gcc-arm-none-eabi-9-2019-q4-major\\arm-none-eabi\\include\\sys\\lock.h"
 143              		.file 3 "c:\\tools\\gcc-arm-none-eabi-9-2019-q4-major\\arm-none-eabi\\include\\sys\\_types.h"
 144              		.file 4 "c:\\tools\\gcc-arm-none-eabi-9-2019-q4-major\\lib\\gcc\\arm-none-eabi\\9.2.1\\include\\st
 145              		.file 5 "c:\\tools\\gcc-arm-none-eabi-9-2019-q4-major\\arm-none-eabi\\include\\sys\\reent.h"
 146              		.file 6 "c:\\tools\\gcc-arm-none-eabi-9-2019-q4-major\\arm-none-eabi\\include\\math.h"
 147              		.file 7 "c:\\tools\\gcc-arm-none-eabi-9-2019-q4-major\\arm-none-eabi\\include\\stdlib.h"
ARM GAS  C:\Temp\ccBBuIqP.s 			page 5


DEFINED SYMBOLS
                            *ABS*:00000000 matlab_code_gen_rtwutil.c
  C:\Temp\ccBBuIqP.s:24     .text.rt_roundd_snf:00000000 $t
  C:\Temp\ccBBuIqP.s:32     .text.rt_roundd_snf:00000000 rt_roundd_snf
  C:\Temp\ccBBuIqP.s:134    .text.rt_roundd_snf:00000080 $d

UNDEFINED SYMBOLS
__aeabi_dcmplt
__aeabi_dcmpge
__aeabi_dadd
__aeabi_dcmpgt
__aeabi_dmul
__aeabi_dsub
floor
ceil
