ARM GAS  C:\Temp\ccIlKto1.s 			page 1


   1              		.cpu cortex-m4
   2              		.eabi_attribute 27, 1
   3              		.eabi_attribute 28, 1
   4              		.eabi_attribute 20, 1
   5              		.eabi_attribute 21, 1
   6              		.eabi_attribute 23, 3
   7              		.eabi_attribute 24, 1
   8              		.eabi_attribute 25, 1
   9              		.eabi_attribute 26, 1
  10              		.eabi_attribute 30, 1
  11              		.eabi_attribute 34, 1
  12              		.eabi_attribute 18, 4
  13              		.file	"matlab_code_gen_terminate.c"
  14              		.text
  15              	.Ltext0:
  16              		.cfi_sections	.debug_frame
  17              		.section	.text.matlab_code_gen_terminate,"ax",%progbits
  18              		.align	1
  19              		.global	matlab_code_gen_terminate
  20              		.arch armv7e-m
  21              		.syntax unified
  22              		.thumb
  23              		.thumb_func
  24              		.fpu fpv4-sp-d16
  26              	matlab_code_gen_terminate:
  27              	.LFB0:
  28              		.file 1 "Src/matlab_code_gen_terminate.c"
   1:Src/matlab_code_gen_terminate.c **** /*
   2:Src/matlab_code_gen_terminate.c ****  * Sponsored License - for use in support of a program or activity
   3:Src/matlab_code_gen_terminate.c ****  * sponsored by MathWorks.  Not for government, commercial or other
   4:Src/matlab_code_gen_terminate.c ****  * non-sponsored organizational use.
   5:Src/matlab_code_gen_terminate.c ****  * File: matlab_code_gen_terminate.c
   6:Src/matlab_code_gen_terminate.c ****  *
   7:Src/matlab_code_gen_terminate.c ****  * MATLAB Coder version            : 4.2
   8:Src/matlab_code_gen_terminate.c ****  * C/C++ source code generated on  : 18-Nov-2019 23:53:15
   9:Src/matlab_code_gen_terminate.c ****  */
  10:Src/matlab_code_gen_terminate.c **** 
  11:Src/matlab_code_gen_terminate.c **** /* Include Files */
  12:Src/matlab_code_gen_terminate.c **** #include "maze_init.h"
  13:Src/matlab_code_gen_terminate.c **** #include "maze_solve.h"
  14:Src/matlab_code_gen_terminate.c **** #include "matlab_code_gen_terminate.h"
  15:Src/matlab_code_gen_terminate.c **** 
  16:Src/matlab_code_gen_terminate.c **** /* Function Definitions */
  17:Src/matlab_code_gen_terminate.c **** 
  18:Src/matlab_code_gen_terminate.c **** /*
  19:Src/matlab_code_gen_terminate.c ****  * Arguments    : void
  20:Src/matlab_code_gen_terminate.c ****  * Return Type  : void
  21:Src/matlab_code_gen_terminate.c ****  */
  22:Src/matlab_code_gen_terminate.c **** void matlab_code_gen_terminate(void)
  23:Src/matlab_code_gen_terminate.c **** {
  29              		.loc 1 23 1 view -0
  30              		.cfi_startproc
  31              		@ args = 0, pretend = 0, frame = 0
  32              		@ frame_needed = 0, uses_anonymous_args = 0
  33              		@ link register save eliminated.
  24:Src/matlab_code_gen_terminate.c ****   /* (no terminate code required) */
  25:Src/matlab_code_gen_terminate.c **** }
ARM GAS  C:\Temp\ccIlKto1.s 			page 2


  34              		.loc 1 25 1 view .LVU1
  35 0000 7047     		bx	lr
  36              		.cfi_endproc
  37              	.LFE0:
  39              		.text
  40              	.Letext0:
  41              		.file 2 "c:\\tools\\gcc-arm-none-eabi-9-2019-q4-major\\arm-none-eabi\\include\\sys\\lock.h"
  42              		.file 3 "c:\\tools\\gcc-arm-none-eabi-9-2019-q4-major\\arm-none-eabi\\include\\sys\\_types.h"
  43              		.file 4 "c:\\tools\\gcc-arm-none-eabi-9-2019-q4-major\\lib\\gcc\\arm-none-eabi\\9.2.1\\include\\st
  44              		.file 5 "c:\\tools\\gcc-arm-none-eabi-9-2019-q4-major\\arm-none-eabi\\include\\sys\\reent.h"
  45              		.file 6 "c:\\tools\\gcc-arm-none-eabi-9-2019-q4-major\\arm-none-eabi\\include\\stdlib.h"
  46              		.file 7 "Inc/maze_solve.h"
ARM GAS  C:\Temp\ccIlKto1.s 			page 3


DEFINED SYMBOLS
                            *ABS*:00000000 matlab_code_gen_terminate.c
  C:\Temp\ccIlKto1.s:18     .text.matlab_code_gen_terminate:00000000 $t
  C:\Temp\ccIlKto1.s:26     .text.matlab_code_gen_terminate:00000000 matlab_code_gen_terminate

NO UNDEFINED SYMBOLS
