ARM GAS  C:\Temp\cc6q6QGB.s 			page 1


   1              		.cpu cortex-m4
   2              		.eabi_attribute 27, 1
   3              		.eabi_attribute 28, 1
   4              		.eabi_attribute 20, 1
   5              		.eabi_attribute 21, 1
   6              		.eabi_attribute 23, 3
   7              		.eabi_attribute 24, 1
   8              		.eabi_attribute 25, 1
   9              		.eabi_attribute 26, 1
  10              		.eabi_attribute 30, 1
  11              		.eabi_attribute 34, 1
  12              		.eabi_attribute 18, 4
  13              		.file	"rem.c"
  14              		.text
  15              	.Ltext0:
  16              		.cfi_sections	.debug_frame
  17              		.section	.text.b_rem,"ax",%progbits
  18              		.align	1
  19              		.global	b_rem
  20              		.arch armv7e-m
  21              		.syntax unified
  22              		.thumb
  23              		.thumb_func
  24              		.fpu fpv4-sp-d16
  26              	b_rem:
  27              	.LVL0:
  28              	.LFB0:
  29              		.file 1 "Src/rem.c"
   1:Src/rem.c     **** /*
   2:Src/rem.c     ****  * Sponsored License - for use in support of a program or activity
   3:Src/rem.c     ****  * sponsored by MathWorks.  Not for government, commercial or other
   4:Src/rem.c     ****  * non-sponsored organizational use.
   5:Src/rem.c     ****  * File: rem.c
   6:Src/rem.c     ****  *
   7:Src/rem.c     ****  * MATLAB Coder version            : 4.2
   8:Src/rem.c     ****  * C/C++ source code generated on  : 18-Nov-2019 23:53:15
   9:Src/rem.c     ****  */
  10:Src/rem.c     **** 
  11:Src/rem.c     **** /* Include Files */
  12:Src/rem.c     **** #include "maze_init.h"
  13:Src/rem.c     **** #include "maze_solve.h"
  14:Src/rem.c     **** #include "rem.h"
  15:Src/rem.c     **** 
  16:Src/rem.c     **** /* Function Definitions */
  17:Src/rem.c     **** 
  18:Src/rem.c     **** /*
  19:Src/rem.c     ****  * Arguments    : const unsigned short x_data[]
  20:Src/rem.c     ****  *                const int x_size[1]
  21:Src/rem.c     ****  *                unsigned short r_data[]
  22:Src/rem.c     ****  *                int r_size[1]
  23:Src/rem.c     ****  * Return Type  : void
  24:Src/rem.c     ****  */
  25:Src/rem.c     **** void b_rem(const unsigned short x_data[], const int x_size[1], unsigned short
  26:Src/rem.c     ****            r_data[], int r_size[1])
  27:Src/rem.c     **** {
  30              		.loc 1 27 1 view -0
  31              		.cfi_startproc
ARM GAS  C:\Temp\cc6q6QGB.s 			page 2


  32              		@ args = 0, pretend = 0, frame = 0
  33              		@ frame_needed = 0, uses_anonymous_args = 0
  34              		@ link register save eliminated.
  35              		.loc 1 27 1 is_stmt 0 view .LVU1
  36 0000 10B4     		push	{r4}
  37              	.LCFI0:
  38              		.cfi_def_cfa_offset 4
  39              		.cfi_offset 4, -4
  28:Src/rem.c     ****   int nx;
  40              		.loc 1 28 3 is_stmt 1 view .LVU2
  29:Src/rem.c     ****   int k;
  41              		.loc 1 29 3 view .LVU3
  30:Src/rem.c     ****   r_size[0] = (short)x_size[0];
  42              		.loc 1 30 3 view .LVU4
  43              		.loc 1 30 15 is_stmt 0 view .LVU5
  44 0002 B1F90040 		ldrsh	r4, [r1]
  45              		.loc 1 30 13 view .LVU6
  46 0006 1C60     		str	r4, [r3]
  31:Src/rem.c     ****   nx = (short)x_size[0];
  47              		.loc 1 31 3 is_stmt 1 view .LVU7
  48              		.loc 1 31 8 is_stmt 0 view .LVU8
  49 0008 B1F90040 		ldrsh	r4, [r1]
  50              	.LVL1:
  32:Src/rem.c     ****   for (k = 0; k < nx; k++) {
  51              		.loc 1 32 3 is_stmt 1 view .LVU9
  52              		.loc 1 32 10 is_stmt 0 view .LVU10
  53 000c 0023     		movs	r3, #0
  54              	.LVL2:
  55              	.L2:
  56              		.loc 1 32 15 is_stmt 1 discriminator 1 view .LVU11
  57              		.loc 1 32 3 is_stmt 0 discriminator 1 view .LVU12
  58 000e A342     		cmp	r3, r4
  59 0010 07DA     		bge	.L5
  33:Src/rem.c     ****     r_data[k] = (unsigned short)(x_data[k] % 32);
  60              		.loc 1 33 5 is_stmt 1 discriminator 3 view .LVU13
  61              		.loc 1 33 40 is_stmt 0 discriminator 3 view .LVU14
  62 0012 30F81310 		ldrh	r1, [r0, r3, lsl #1]
  63              		.loc 1 33 17 discriminator 3 view .LVU15
  64 0016 01F01F01 		and	r1, r1, #31
  65              		.loc 1 33 15 discriminator 3 view .LVU16
  66 001a 22F81310 		strh	r1, [r2, r3, lsl #1]	@ movhi
  32:Src/rem.c     ****   for (k = 0; k < nx; k++) {
  67              		.loc 1 32 23 is_stmt 1 discriminator 3 view .LVU17
  32:Src/rem.c     ****   for (k = 0; k < nx; k++) {
  68              		.loc 1 32 24 is_stmt 0 discriminator 3 view .LVU18
  69 001e 0133     		adds	r3, r3, #1
  70              	.LVL3:
  32:Src/rem.c     ****   for (k = 0; k < nx; k++) {
  71              		.loc 1 32 24 discriminator 3 view .LVU19
  72 0020 F5E7     		b	.L2
  73              	.L5:
  34:Src/rem.c     ****   }
  35:Src/rem.c     **** }
  74              		.loc 1 35 1 view .LVU20
  75 0022 5DF8044B 		ldr	r4, [sp], #4
  76              	.LCFI1:
  77              		.cfi_restore 4
ARM GAS  C:\Temp\cc6q6QGB.s 			page 3


  78              		.cfi_def_cfa_offset 0
  79              	.LVL4:
  80              		.loc 1 35 1 view .LVU21
  81 0026 7047     		bx	lr
  82              		.cfi_endproc
  83              	.LFE0:
  85              		.text
  86              	.Letext0:
  87              		.file 2 "c:\\tools\\gcc-arm-none-eabi-9-2019-q4-major\\arm-none-eabi\\include\\sys\\lock.h"
  88              		.file 3 "c:\\tools\\gcc-arm-none-eabi-9-2019-q4-major\\arm-none-eabi\\include\\sys\\_types.h"
  89              		.file 4 "c:\\tools\\gcc-arm-none-eabi-9-2019-q4-major\\lib\\gcc\\arm-none-eabi\\9.2.1\\include\\st
  90              		.file 5 "c:\\tools\\gcc-arm-none-eabi-9-2019-q4-major\\arm-none-eabi\\include\\sys\\reent.h"
  91              		.file 6 "c:\\tools\\gcc-arm-none-eabi-9-2019-q4-major\\arm-none-eabi\\include\\stdlib.h"
ARM GAS  C:\Temp\cc6q6QGB.s 			page 4


DEFINED SYMBOLS
                            *ABS*:00000000 rem.c
  C:\Temp\cc6q6QGB.s:18     .text.b_rem:00000000 $t
  C:\Temp\cc6q6QGB.s:26     .text.b_rem:00000000 b_rem

NO UNDEFINED SYMBOLS
