ARM GAS  C:\Temp\cciqlOFS.s 			page 1


   1              		.cpu cortex-m4
   2              		.eabi_attribute 27, 1
   3              		.eabi_attribute 28, 1
   4              		.eabi_attribute 20, 1
   5              		.eabi_attribute 21, 1
   6              		.eabi_attribute 23, 3
   7              		.eabi_attribute 24, 1
   8              		.eabi_attribute 25, 1
   9              		.eabi_attribute 26, 1
  10              		.eabi_attribute 30, 1
  11              		.eabi_attribute 34, 1
  12              		.eabi_attribute 18, 4
  13              		.file	"usart.c"
  14              		.text
  15              	.Ltext0:
  16              		.cfi_sections	.debug_frame
  17              		.section	.text.MX_USART1_UART_Init,"ax",%progbits
  18              		.align	1
  19              		.global	MX_USART1_UART_Init
  20              		.arch armv7e-m
  21              		.syntax unified
  22              		.thumb
  23              		.thumb_func
  24              		.fpu fpv4-sp-d16
  26              	MX_USART1_UART_Init:
  27              	.LFB130:
  28              		.file 1 "Src/usart.c"
   1:Src/usart.c   **** /**
   2:Src/usart.c   ****   ******************************************************************************
   3:Src/usart.c   ****   * File Name          : USART.c
   4:Src/usart.c   ****   * Description        : This file provides code for the configuration
   5:Src/usart.c   ****   *                      of the USART instances.
   6:Src/usart.c   ****   ******************************************************************************
   7:Src/usart.c   ****   * @attention
   8:Src/usart.c   ****   *
   9:Src/usart.c   ****   * <h2><center>&copy; Copyright (c) 2020 STMicroelectronics.
  10:Src/usart.c   ****   * All rights reserved.</center></h2>
  11:Src/usart.c   ****   *
  12:Src/usart.c   ****   * This software component is licensed by ST under BSD 3-Clause license,
  13:Src/usart.c   ****   * the "License"; You may not use this file except in compliance with the
  14:Src/usart.c   ****   * License. You may obtain a copy of the License at:
  15:Src/usart.c   ****   *                        opensource.org/licenses/BSD-3-Clause
  16:Src/usart.c   ****   *
  17:Src/usart.c   ****   ******************************************************************************
  18:Src/usart.c   ****   */
  19:Src/usart.c   **** 
  20:Src/usart.c   **** /* Includes ------------------------------------------------------------------*/
  21:Src/usart.c   **** #include "usart.h"
  22:Src/usart.c   **** 
  23:Src/usart.c   **** /* USER CODE BEGIN 0 */
  24:Src/usart.c   **** 
  25:Src/usart.c   **** /* USER CODE END 0 */
  26:Src/usart.c   **** 
  27:Src/usart.c   **** UART_HandleTypeDef huart1;
  28:Src/usart.c   **** 
  29:Src/usart.c   **** /* USART1 init function */
  30:Src/usart.c   **** 
ARM GAS  C:\Temp\cciqlOFS.s 			page 2


  31:Src/usart.c   **** void MX_USART1_UART_Init(void)
  32:Src/usart.c   **** {
  29              		.loc 1 32 1 view -0
  30              		.cfi_startproc
  31              		@ args = 0, pretend = 0, frame = 0
  32              		@ frame_needed = 0, uses_anonymous_args = 0
  33 0000 08B5     		push	{r3, lr}
  34              	.LCFI0:
  35              		.cfi_def_cfa_offset 8
  36              		.cfi_offset 3, -8
  37              		.cfi_offset 14, -4
  33:Src/usart.c   **** 
  34:Src/usart.c   ****   huart1.Instance = USART1;
  38              		.loc 1 34 3 view .LVU1
  39              		.loc 1 34 19 is_stmt 0 view .LVU2
  40 0002 0A48     		ldr	r0, .L5
  41 0004 0A4B     		ldr	r3, .L5+4
  42 0006 0360     		str	r3, [r0]
  35:Src/usart.c   ****   huart1.Init.BaudRate = 230400;
  43              		.loc 1 35 3 is_stmt 1 view .LVU3
  44              		.loc 1 35 24 is_stmt 0 view .LVU4
  45 0008 4FF46133 		mov	r3, #230400
  46 000c 4360     		str	r3, [r0, #4]
  36:Src/usart.c   ****   huart1.Init.WordLength = UART_WORDLENGTH_8B;
  47              		.loc 1 36 3 is_stmt 1 view .LVU5
  48              		.loc 1 36 26 is_stmt 0 view .LVU6
  49 000e 0023     		movs	r3, #0
  50 0010 8360     		str	r3, [r0, #8]
  37:Src/usart.c   ****   huart1.Init.StopBits = UART_STOPBITS_1;
  51              		.loc 1 37 3 is_stmt 1 view .LVU7
  52              		.loc 1 37 24 is_stmt 0 view .LVU8
  53 0012 C360     		str	r3, [r0, #12]
  38:Src/usart.c   ****   huart1.Init.Parity = UART_PARITY_NONE;
  54              		.loc 1 38 3 is_stmt 1 view .LVU9
  55              		.loc 1 38 22 is_stmt 0 view .LVU10
  56 0014 0361     		str	r3, [r0, #16]
  39:Src/usart.c   ****   huart1.Init.Mode = UART_MODE_TX_RX;
  57              		.loc 1 39 3 is_stmt 1 view .LVU11
  58              		.loc 1 39 20 is_stmt 0 view .LVU12
  59 0016 0C22     		movs	r2, #12
  60 0018 4261     		str	r2, [r0, #20]
  40:Src/usart.c   ****   huart1.Init.HwFlowCtl = UART_HWCONTROL_NONE;
  61              		.loc 1 40 3 is_stmt 1 view .LVU13
  62              		.loc 1 40 25 is_stmt 0 view .LVU14
  63 001a 8361     		str	r3, [r0, #24]
  41:Src/usart.c   ****   huart1.Init.OverSampling = UART_OVERSAMPLING_16;
  64              		.loc 1 41 3 is_stmt 1 view .LVU15
  65              		.loc 1 41 28 is_stmt 0 view .LVU16
  66 001c C361     		str	r3, [r0, #28]
  42:Src/usart.c   ****   if (HAL_UART_Init(&huart1) != HAL_OK)
  67              		.loc 1 42 3 is_stmt 1 view .LVU17
  68              		.loc 1 42 7 is_stmt 0 view .LVU18
  69 001e FFF7FEFF 		bl	HAL_UART_Init
  70              	.LVL0:
  71              		.loc 1 42 6 view .LVU19
  72 0022 00B9     		cbnz	r0, .L4
  73              	.L1:
ARM GAS  C:\Temp\cciqlOFS.s 			page 3


  43:Src/usart.c   ****   {
  44:Src/usart.c   ****     Error_Handler();
  45:Src/usart.c   ****   }
  46:Src/usart.c   **** 
  47:Src/usart.c   **** }
  74              		.loc 1 47 1 view .LVU20
  75 0024 08BD     		pop	{r3, pc}
  76              	.L4:
  44:Src/usart.c   ****   }
  77              		.loc 1 44 5 is_stmt 1 view .LVU21
  78 0026 FFF7FEFF 		bl	Error_Handler
  79              	.LVL1:
  80              		.loc 1 47 1 is_stmt 0 view .LVU22
  81 002a FBE7     		b	.L1
  82              	.L6:
  83              		.align	2
  84              	.L5:
  85 002c 00000000 		.word	huart1
  86 0030 00100140 		.word	1073811456
  87              		.cfi_endproc
  88              	.LFE130:
  90              		.section	.text.HAL_UART_MspInit,"ax",%progbits
  91              		.align	1
  92              		.global	HAL_UART_MspInit
  93              		.syntax unified
  94              		.thumb
  95              		.thumb_func
  96              		.fpu fpv4-sp-d16
  98              	HAL_UART_MspInit:
  99              	.LVL2:
 100              	.LFB131:
  48:Src/usart.c   **** 
  49:Src/usart.c   **** void HAL_UART_MspInit(UART_HandleTypeDef* uartHandle)
  50:Src/usart.c   **** {
 101              		.loc 1 50 1 is_stmt 1 view -0
 102              		.cfi_startproc
 103              		@ args = 0, pretend = 0, frame = 32
 104              		@ frame_needed = 0, uses_anonymous_args = 0
 105              		.loc 1 50 1 is_stmt 0 view .LVU24
 106 0000 00B5     		push	{lr}
 107              	.LCFI1:
 108              		.cfi_def_cfa_offset 4
 109              		.cfi_offset 14, -4
 110 0002 89B0     		sub	sp, sp, #36
 111              	.LCFI2:
 112              		.cfi_def_cfa_offset 40
  51:Src/usart.c   **** 
  52:Src/usart.c   ****   GPIO_InitTypeDef GPIO_InitStruct = {0};
 113              		.loc 1 52 3 is_stmt 1 view .LVU25
 114              		.loc 1 52 20 is_stmt 0 view .LVU26
 115 0004 0023     		movs	r3, #0
 116 0006 0393     		str	r3, [sp, #12]
 117 0008 0493     		str	r3, [sp, #16]
 118 000a 0593     		str	r3, [sp, #20]
 119 000c 0693     		str	r3, [sp, #24]
 120 000e 0793     		str	r3, [sp, #28]
  53:Src/usart.c   ****   if(uartHandle->Instance==USART1)
ARM GAS  C:\Temp\cciqlOFS.s 			page 4


 121              		.loc 1 53 3 is_stmt 1 view .LVU27
 122              		.loc 1 53 16 is_stmt 0 view .LVU28
 123 0010 0268     		ldr	r2, [r0]
 124              		.loc 1 53 5 view .LVU29
 125 0012 03F18043 		add	r3, r3, #1073741824
 126 0016 03F58833 		add	r3, r3, #69632
 127 001a 9A42     		cmp	r2, r3
 128 001c 02D0     		beq	.L10
 129              	.LVL3:
 130              	.L7:
  54:Src/usart.c   ****   {
  55:Src/usart.c   ****   /* USER CODE BEGIN USART1_MspInit 0 */
  56:Src/usart.c   **** 
  57:Src/usart.c   ****   /* USER CODE END USART1_MspInit 0 */
  58:Src/usart.c   ****     /* USART1 clock enable */
  59:Src/usart.c   ****     __HAL_RCC_USART1_CLK_ENABLE();
  60:Src/usart.c   ****   
  61:Src/usart.c   ****     __HAL_RCC_GPIOA_CLK_ENABLE();
  62:Src/usart.c   ****     /**USART1 GPIO Configuration    
  63:Src/usart.c   ****     PA9     ------> USART1_TX
  64:Src/usart.c   ****     PA10     ------> USART1_RX 
  65:Src/usart.c   ****     */
  66:Src/usart.c   ****     GPIO_InitStruct.Pin = GPIO_PIN_9|GPIO_PIN_10;
  67:Src/usart.c   ****     GPIO_InitStruct.Mode = GPIO_MODE_AF_PP;
  68:Src/usart.c   ****     GPIO_InitStruct.Pull = GPIO_PULLUP;
  69:Src/usart.c   ****     GPIO_InitStruct.Speed = GPIO_SPEED_FREQ_VERY_HIGH;
  70:Src/usart.c   ****     GPIO_InitStruct.Alternate = GPIO_AF7_USART1;
  71:Src/usart.c   ****     HAL_GPIO_Init(GPIOA, &GPIO_InitStruct);
  72:Src/usart.c   **** 
  73:Src/usart.c   ****   /* USER CODE BEGIN USART1_MspInit 1 */
  74:Src/usart.c   **** 
  75:Src/usart.c   ****   /* USER CODE END USART1_MspInit 1 */
  76:Src/usart.c   ****   }
  77:Src/usart.c   **** }
 131              		.loc 1 77 1 view .LVU30
 132 001e 09B0     		add	sp, sp, #36
 133              	.LCFI3:
 134              		.cfi_remember_state
 135              		.cfi_def_cfa_offset 4
 136              		@ sp needed
 137 0020 5DF804FB 		ldr	pc, [sp], #4
 138              	.LVL4:
 139              	.L10:
 140              	.LCFI4:
 141              		.cfi_restore_state
  59:Src/usart.c   ****   
 142              		.loc 1 59 5 is_stmt 1 view .LVU31
 143              	.LBB2:
  59:Src/usart.c   ****   
 144              		.loc 1 59 5 view .LVU32
 145 0024 0021     		movs	r1, #0
 146 0026 0191     		str	r1, [sp, #4]
  59:Src/usart.c   ****   
 147              		.loc 1 59 5 view .LVU33
 148 0028 03F59433 		add	r3, r3, #75776
 149 002c 5A6C     		ldr	r2, [r3, #68]
 150 002e 42F01002 		orr	r2, r2, #16
ARM GAS  C:\Temp\cciqlOFS.s 			page 5


 151 0032 5A64     		str	r2, [r3, #68]
  59:Src/usart.c   ****   
 152              		.loc 1 59 5 view .LVU34
 153 0034 5A6C     		ldr	r2, [r3, #68]
 154 0036 02F01002 		and	r2, r2, #16
 155 003a 0192     		str	r2, [sp, #4]
  59:Src/usart.c   ****   
 156              		.loc 1 59 5 view .LVU35
 157 003c 019A     		ldr	r2, [sp, #4]
 158              	.LBE2:
  59:Src/usart.c   ****   
 159              		.loc 1 59 5 view .LVU36
  61:Src/usart.c   ****     /**USART1 GPIO Configuration    
 160              		.loc 1 61 5 view .LVU37
 161              	.LBB3:
  61:Src/usart.c   ****     /**USART1 GPIO Configuration    
 162              		.loc 1 61 5 view .LVU38
 163 003e 0291     		str	r1, [sp, #8]
  61:Src/usart.c   ****     /**USART1 GPIO Configuration    
 164              		.loc 1 61 5 view .LVU39
 165 0040 1A6B     		ldr	r2, [r3, #48]
 166 0042 42F00102 		orr	r2, r2, #1
 167 0046 1A63     		str	r2, [r3, #48]
  61:Src/usart.c   ****     /**USART1 GPIO Configuration    
 168              		.loc 1 61 5 view .LVU40
 169 0048 1B6B     		ldr	r3, [r3, #48]
 170 004a 03F00103 		and	r3, r3, #1
 171 004e 0293     		str	r3, [sp, #8]
  61:Src/usart.c   ****     /**USART1 GPIO Configuration    
 172              		.loc 1 61 5 view .LVU41
 173 0050 029B     		ldr	r3, [sp, #8]
 174              	.LBE3:
  61:Src/usart.c   ****     /**USART1 GPIO Configuration    
 175              		.loc 1 61 5 view .LVU42
  66:Src/usart.c   ****     GPIO_InitStruct.Mode = GPIO_MODE_AF_PP;
 176              		.loc 1 66 5 view .LVU43
  66:Src/usart.c   ****     GPIO_InitStruct.Mode = GPIO_MODE_AF_PP;
 177              		.loc 1 66 25 is_stmt 0 view .LVU44
 178 0052 4FF4C063 		mov	r3, #1536
 179 0056 0393     		str	r3, [sp, #12]
  67:Src/usart.c   ****     GPIO_InitStruct.Pull = GPIO_PULLUP;
 180              		.loc 1 67 5 is_stmt 1 view .LVU45
  67:Src/usart.c   ****     GPIO_InitStruct.Pull = GPIO_PULLUP;
 181              		.loc 1 67 26 is_stmt 0 view .LVU46
 182 0058 0223     		movs	r3, #2
 183 005a 0493     		str	r3, [sp, #16]
  68:Src/usart.c   ****     GPIO_InitStruct.Speed = GPIO_SPEED_FREQ_VERY_HIGH;
 184              		.loc 1 68 5 is_stmt 1 view .LVU47
  68:Src/usart.c   ****     GPIO_InitStruct.Speed = GPIO_SPEED_FREQ_VERY_HIGH;
 185              		.loc 1 68 26 is_stmt 0 view .LVU48
 186 005c 0123     		movs	r3, #1
 187 005e 0593     		str	r3, [sp, #20]
  69:Src/usart.c   ****     GPIO_InitStruct.Alternate = GPIO_AF7_USART1;
 188              		.loc 1 69 5 is_stmt 1 view .LVU49
  69:Src/usart.c   ****     GPIO_InitStruct.Alternate = GPIO_AF7_USART1;
 189              		.loc 1 69 27 is_stmt 0 view .LVU50
 190 0060 0323     		movs	r3, #3
ARM GAS  C:\Temp\cciqlOFS.s 			page 6


 191 0062 0693     		str	r3, [sp, #24]
  70:Src/usart.c   ****     HAL_GPIO_Init(GPIOA, &GPIO_InitStruct);
 192              		.loc 1 70 5 is_stmt 1 view .LVU51
  70:Src/usart.c   ****     HAL_GPIO_Init(GPIOA, &GPIO_InitStruct);
 193              		.loc 1 70 31 is_stmt 0 view .LVU52
 194 0064 0723     		movs	r3, #7
 195 0066 0793     		str	r3, [sp, #28]
  71:Src/usart.c   **** 
 196              		.loc 1 71 5 is_stmt 1 view .LVU53
 197 0068 03A9     		add	r1, sp, #12
 198 006a 0248     		ldr	r0, .L11
 199              	.LVL5:
  71:Src/usart.c   **** 
 200              		.loc 1 71 5 is_stmt 0 view .LVU54
 201 006c FFF7FEFF 		bl	HAL_GPIO_Init
 202              	.LVL6:
 203              		.loc 1 77 1 view .LVU55
 204 0070 D5E7     		b	.L7
 205              	.L12:
 206 0072 00BF     		.align	2
 207              	.L11:
 208 0074 00000240 		.word	1073872896
 209              		.cfi_endproc
 210              	.LFE131:
 212              		.section	.text.HAL_UART_MspDeInit,"ax",%progbits
 213              		.align	1
 214              		.global	HAL_UART_MspDeInit
 215              		.syntax unified
 216              		.thumb
 217              		.thumb_func
 218              		.fpu fpv4-sp-d16
 220              	HAL_UART_MspDeInit:
 221              	.LVL7:
 222              	.LFB132:
  78:Src/usart.c   **** 
  79:Src/usart.c   **** void HAL_UART_MspDeInit(UART_HandleTypeDef* uartHandle)
  80:Src/usart.c   **** {
 223              		.loc 1 80 1 is_stmt 1 view -0
 224              		.cfi_startproc
 225              		@ args = 0, pretend = 0, frame = 0
 226              		@ frame_needed = 0, uses_anonymous_args = 0
 227              		.loc 1 80 1 is_stmt 0 view .LVU57
 228 0000 08B5     		push	{r3, lr}
 229              	.LCFI5:
 230              		.cfi_def_cfa_offset 8
 231              		.cfi_offset 3, -8
 232              		.cfi_offset 14, -4
  81:Src/usart.c   **** 
  82:Src/usart.c   ****   if(uartHandle->Instance==USART1)
 233              		.loc 1 82 3 is_stmt 1 view .LVU58
 234              		.loc 1 82 16 is_stmt 0 view .LVU59
 235 0002 0268     		ldr	r2, [r0]
 236              		.loc 1 82 5 view .LVU60
 237 0004 074B     		ldr	r3, .L17
 238 0006 9A42     		cmp	r2, r3
 239 0008 00D0     		beq	.L16
 240              	.LVL8:
ARM GAS  C:\Temp\cciqlOFS.s 			page 7


 241              	.L13:
  83:Src/usart.c   ****   {
  84:Src/usart.c   ****   /* USER CODE BEGIN USART1_MspDeInit 0 */
  85:Src/usart.c   **** 
  86:Src/usart.c   ****   /* USER CODE END USART1_MspDeInit 0 */
  87:Src/usart.c   ****     /* Peripheral clock disable */
  88:Src/usart.c   ****     __HAL_RCC_USART1_CLK_DISABLE();
  89:Src/usart.c   ****   
  90:Src/usart.c   ****     /**USART1 GPIO Configuration    
  91:Src/usart.c   ****     PA9     ------> USART1_TX
  92:Src/usart.c   ****     PA10     ------> USART1_RX 
  93:Src/usart.c   ****     */
  94:Src/usart.c   ****     HAL_GPIO_DeInit(GPIOA, GPIO_PIN_9|GPIO_PIN_10);
  95:Src/usart.c   **** 
  96:Src/usart.c   ****   /* USER CODE BEGIN USART1_MspDeInit 1 */
  97:Src/usart.c   **** 
  98:Src/usart.c   ****   /* USER CODE END USART1_MspDeInit 1 */
  99:Src/usart.c   ****   }
 100:Src/usart.c   **** } 
 242              		.loc 1 100 1 view .LVU61
 243 000a 08BD     		pop	{r3, pc}
 244              	.LVL9:
 245              	.L16:
  88:Src/usart.c   ****   
 246              		.loc 1 88 5 is_stmt 1 view .LVU62
 247 000c 064A     		ldr	r2, .L17+4
 248 000e 536C     		ldr	r3, [r2, #68]
 249 0010 23F01003 		bic	r3, r3, #16
 250 0014 5364     		str	r3, [r2, #68]
  94:Src/usart.c   **** 
 251              		.loc 1 94 5 view .LVU63
 252 0016 4FF4C061 		mov	r1, #1536
 253 001a 0448     		ldr	r0, .L17+8
 254              	.LVL10:
  94:Src/usart.c   **** 
 255              		.loc 1 94 5 is_stmt 0 view .LVU64
 256 001c FFF7FEFF 		bl	HAL_GPIO_DeInit
 257              	.LVL11:
 258              		.loc 1 100 1 view .LVU65
 259 0020 F3E7     		b	.L13
 260              	.L18:
 261 0022 00BF     		.align	2
 262              	.L17:
 263 0024 00100140 		.word	1073811456
 264 0028 00380240 		.word	1073887232
 265 002c 00000240 		.word	1073872896
 266              		.cfi_endproc
 267              	.LFE132:
 269              		.comm	huart1,64,4
 270              		.text
 271              	.Letext0:
 272              		.file 2 "c:\\tools\\gcc-arm-none-eabi-9-2019-q4-major\\arm-none-eabi\\include\\machine\\_default_t
 273              		.file 3 "c:\\tools\\gcc-arm-none-eabi-9-2019-q4-major\\arm-none-eabi\\include\\sys\\_stdint.h"
 274              		.file 4 "Drivers/CMSIS/Include/core_cm4.h"
 275              		.file 5 "Drivers/CMSIS/Device/ST/STM32F4xx/Include/system_stm32f4xx.h"
 276              		.file 6 "Drivers/CMSIS/Device/ST/STM32F4xx/Include/stm32f413xx.h"
 277              		.file 7 "Drivers/STM32F4xx_HAL_Driver/Inc/stm32f4xx_hal_def.h"
ARM GAS  C:\Temp\cciqlOFS.s 			page 8


 278              		.file 8 "Drivers/STM32F4xx_HAL_Driver/Inc/stm32f4xx_hal_gpio.h"
 279              		.file 9 "Drivers/STM32F4xx_HAL_Driver/Inc/stm32f4xx_hal_dma.h"
 280              		.file 10 "Drivers/STM32F4xx_HAL_Driver/Inc/stm32f4xx_hal_tim.h"
 281              		.file 11 "Drivers/STM32F4xx_HAL_Driver/Inc/stm32f4xx_hal_uart.h"
 282              		.file 12 "Inc/usart.h"
 283              		.file 13 "Inc/main.h"
ARM GAS  C:\Temp\cciqlOFS.s 			page 9


DEFINED SYMBOLS
                            *ABS*:00000000 usart.c
  C:\Temp\cciqlOFS.s:18     .text.MX_USART1_UART_Init:00000000 $t
  C:\Temp\cciqlOFS.s:26     .text.MX_USART1_UART_Init:00000000 MX_USART1_UART_Init
  C:\Temp\cciqlOFS.s:85     .text.MX_USART1_UART_Init:0000002c $d
                            *COM*:00000040 huart1
  C:\Temp\cciqlOFS.s:91     .text.HAL_UART_MspInit:00000000 $t
  C:\Temp\cciqlOFS.s:98     .text.HAL_UART_MspInit:00000000 HAL_UART_MspInit
  C:\Temp\cciqlOFS.s:208    .text.HAL_UART_MspInit:00000074 $d
  C:\Temp\cciqlOFS.s:213    .text.HAL_UART_MspDeInit:00000000 $t
  C:\Temp\cciqlOFS.s:220    .text.HAL_UART_MspDeInit:00000000 HAL_UART_MspDeInit
  C:\Temp\cciqlOFS.s:263    .text.HAL_UART_MspDeInit:00000024 $d

UNDEFINED SYMBOLS
HAL_UART_Init
Error_Handler
HAL_GPIO_Init
HAL_GPIO_DeInit
